\BOOKMARK [0][-]{chapter*.3}{\376\377\000R\000e\000s\000u\000m\000e\000n\000\040\000y\000\040\000A\000b\000s\000t\000r\000a\000c\000t}{}% 1
\BOOKMARK [0][-]{chapter.1}{\376\377\000I\000n\000t\000r\000o\000d\000u\000c\000c\000i\000\363\000n}{}% 2
\BOOKMARK [1][-]{section.1.1}{\376\377\000M\000o\000t\000i\000v\000a\000c\000i\000\363\000n}{chapter.1}% 3
\BOOKMARK [1][-]{section.1.2}{\376\377\000O\000b\000j\000e\000t\000i\000v\000o\000s}{chapter.1}% 4
\BOOKMARK [2][-]{subsection.1.2.1}{\376\377\000O\000b\000j\000e\000t\000i\000v\000o\000\040\000p\000r\000i\000n\000c\000i\000p\000a\000l}{section.1.2}% 5
\BOOKMARK [2][-]{subsection.1.2.2}{\376\377\000O\000b\000j\000e\000t\000i\000v\000o\000s\000\040\000e\000s\000p\000e\000c\000\355\000f\000i\000c\000o\000s}{section.1.2}% 6
\BOOKMARK [1][-]{section.1.3}{\376\377\000P\000l\000a\000n\000i\000f\000i\000c\000a\000c\000i\000\363\000n\000\040\000T\000e\000m\000p\000o\000r\000a\000l}{chapter.1}% 7
\BOOKMARK [1][-]{section.1.4}{\376\377\000R\000e\000s\000u\000m\000e\000n\000\040\000d\000e\000l\000\040\000d\000o\000c\000u\000m\000e\000n\000t\000o}{chapter.1}% 8
\BOOKMARK [0][-]{chapter.2}{\376\377\000A\000n\000\341\000l\000i\000s\000i\000s\000\040\000d\000e\000\040\000v\000i\000a\000b\000i\000l\000i\000d\000a\000d}{}% 9
\BOOKMARK [1][-]{section.2.1}{\376\377\000S\000i\000t\000u\000a\000c\000i\000\363\000n\000\040\000a\000c\000t\000u\000a\000l}{chapter.2}% 10
\BOOKMARK [1][-]{section.2.2}{\376\377\000I\000n\000g\000e\000n\000i\000e\000r\000\355\000a\000\040\000d\000e\000\040\000R\000e\000q\000u\000i\000s\000i\000t\000o\000s}{chapter.2}% 11
\BOOKMARK [2][-]{subsection.2.2.1}{\376\377\000A\000c\000t\000o\000r\000e\000s}{section.2.2}% 12
\BOOKMARK [2][-]{subsection.2.2.2}{\376\377\000R\000e\000q\000u\000i\000s\000i\000t\000o\000s\000\040\000F\000u\000n\000c\000i\000o\000n\000a\000l\000e\000s}{section.2.2}% 13
\BOOKMARK [3][-]{subsubsection.2.2.2.1}{\376\377\000R\000e\000q\000u\000i\000s\000i\000t\000o\000s\000\040\000F\000u\000n\000c\000i\000o\000n\000a\000l\000e\000s\000\040\000d\000e\000\040\000l\000a\000\040\000A\000p\000l\000i\000c\000a\000c\000i\000\363\000n\000\040\000W\000e\000b}{subsection.2.2.2}% 14
\BOOKMARK [3][-]{subsubsection.2.2.2.2}{\376\377\000R\000e\000q\000u\000i\000s\000i\000t\000o\000s\000\040\000F\000u\000n\000c\000i\000o\000n\000a\000l\000e\000s\000\040\000d\000e\000l\000\040\000S\000i\000s\000t\000e\000m\000a\000\040\000d\000e\000\040\000G\000e\000s\000t\000i\000\363\000n\000\040\000I\000n\000t\000e\000r\000n\000a\000\040\000\050\000A\000i\000r\000t\000a\000b\000l\000e\000\051}{subsection.2.2.2}% 15
\BOOKMARK [2][-]{subsection.2.2.3}{\376\377\000R\000e\000q\000u\000i\000s\000i\000t\000o\000s\000\040\000N\000o\000\040\000F\000u\000n\000c\000i\000o\000n\000a\000l\000e\000s}{section.2.2}% 16
\BOOKMARK [1][-]{section.2.3}{\376\377\000C\000a\000s\000o\000s\000\040\000d\000e\000\040\000U\000s\000o}{chapter.2}% 17
\BOOKMARK [2][-]{subsection.2.3.1}{\376\377\000A\000p\000l\000i\000c\000a\000c\000i\000\363\000n\000\040\000w\000e\000b}{section.2.3}% 18
\BOOKMARK [2][-]{subsection.2.3.2}{\376\377\000A\000i\000r\000t\000a\000b\000l\000e}{section.2.3}% 19
\BOOKMARK [1][-]{section.2.4}{\376\377\000A\000n\000\341\000l\000i\000s\000i\000s\000\040\000d\000e\000\040\000c\000o\000s\000t\000e\000s}{chapter.2}% 20
\BOOKMARK [0][-]{chapter.3}{\376\377\000M\000o\000d\000e\000l\000o\000s\000\040\000d\000e\000\040\000d\000e\000s\000a\000r\000r\000o\000l\000l\000o\000\040\000y\000\040\000t\000e\000c\000n\000o\000l\000o\000g\000\355\000a\000s}{}% 21
\BOOKMARK [1][-]{section.3.1}{\376\377\000M\000e\000t\000o\000d\000o\000l\000o\000g\000\355\000a\000s\000\040\000d\000e\000\040\000d\000e\000s\000a\000r\000r\000o\000l\000l\000o}{chapter.3}% 22
\BOOKMARK [2][-]{subsection.3.1.1}{\376\377\000C\000o\000m\000p\000a\000r\000a\000t\000i\000v\000a\000\040\000c\000o\000n\000\040\000O\000t\000r\000a\000s\000\040\000M\000e\000t\000o\000d\000o\000l\000o\000g\000\355\000a\000s\000\040\000C\000o\000m\000u\000n\000e\000s}{section.3.1}% 23
\BOOKMARK [3][-]{subsubsection.3.1.1.1}{\376\377\000M\000e\000t\000o\000d\000o\000l\000o\000g\000\355\000a\000s\000\040\000T\000r\000a\000d\000i\000c\000i\000o\000n\000a\000l\000e\000s}{subsection.3.1.1}% 24
\BOOKMARK [3][-]{subsubsection.3.1.1.2}{\376\377\000M\000e\000t\000o\000d\000o\000l\000o\000g\000\355\000a\000s\000\040\000\301\000g\000i\000l\000e\000s}{subsection.3.1.1}% 25
\BOOKMARK [3][-]{subsubsection.3.1.1.3}{\376\377\000D\000e\000v\000O\000p\000s}{subsection.3.1.1}% 26
\BOOKMARK [2][-]{subsection.3.1.2}{\376\377\000J\000u\000s\000t\000i\000f\000i\000c\000a\000c\000i\000\363\000n\000\040\000y\000\040\000R\000a\000z\000o\000n\000a\000m\000i\000e\000n\000t\000o\000\040\000d\000e\000\040\000l\000a\000\040\000E\000l\000e\000c\000c\000i\000\363\000n\000\040\000F\000i\000n\000a\000l\000\040\000\050\000S\000c\000r\000u\000m\000\051}{section.3.1}% 27
\BOOKMARK [1][-]{section.3.2}{\376\377\000A\000r\000q\000u\000i\000t\000e\000c\000t\000u\000r\000a\000s\000\040\000d\000e\000\040\000S\000o\000f\000t\000w\000a\000r\000e}{chapter.3}% 28
\BOOKMARK [2][-]{subsection.3.2.1}{\376\377\000J\000u\000s\000t\000i\000f\000i\000c\000a\000c\000i\000\363\000n\000\040\000d\000e\000\040\000l\000a\000\040\000A\000r\000q\000u\000i\000t\000e\000c\000t\000u\000r\000a\000\040\000S\000e\000l\000e\000c\000c\000i\000o\000n\000a\000d\000a\000\040\000\050\000H\000\355\000b\000r\000i\000d\000a\000\040\000d\000e\000\040\000T\000r\000e\000s\000\040\000C\000a\000p\000a\000s\000\051}{section.3.2}% 29
\BOOKMARK [2][-]{subsection.3.2.2}{\376\377\000C\000o\000m\000p\000a\000r\000a\000t\000i\000v\000a\000\040\000c\000o\000n\000\040\000O\000t\000r\000a\000s\000\040\000A\000r\000q\000u\000i\000t\000e\000c\000t\000u\000r\000a\000s\000\040\000C\000o\000m\000u\000n\000e\000s}{section.3.2}% 30
\BOOKMARK [2][-]{subsection.3.2.3}{\376\377\000R\000a\000z\000o\000n\000a\000m\000i\000e\000n\000t\000o\000\040\000d\000e\000\040\000l\000a\000\040\000E\000l\000e\000c\000c\000i\000\363\000n\000\040\000F\000i\000n\000a\000l}{section.3.2}% 31
\BOOKMARK [1][-]{section.3.3}{\376\377\000T\000e\000c\000n\000o\000l\000o\000g\000\355\000a\000s\000\040\000d\000e\000\040\000D\000e\000s\000a\000r\000r\000o\000l\000l\000o}{chapter.3}% 32
\BOOKMARK [2][-]{subsection.3.3.1}{\376\377\000T\000e\000c\000n\000o\000l\000o\000g\000\355\000a\000s\000\040\000F\000r\000o\000n\000t\000e\000n\000d}{section.3.3}% 33
\BOOKMARK [2][-]{subsection.3.3.2}{\376\377\000T\000e\000c\000n\000o\000l\000o\000g\000\355\000a\000s\000\040\000B\000a\000c\000k\000e\000n\000d}{section.3.3}% 34
\BOOKMARK [2][-]{subsection.3.3.3}{\376\377\000B\000a\000s\000e\000\040\000d\000e\000\040\000D\000a\000t\000o\000s\000\040\000y\000\040\000G\000e\000s\000t\000i\000\363\000n\000\040\000d\000e\000\040\000C\000o\000n\000t\000e\000n\000i\000d\000o}{section.3.3}% 35
\BOOKMARK [2][-]{subsection.3.3.4}{\376\377\000C\000o\000n\000c\000l\000u\000s\000i\000\363\000n\000\040\000s\000o\000b\000r\000e\000\040\000l\000a\000\040\000E\000l\000e\000c\000c\000i\000\363\000n\000\040\000T\000e\000c\000n\000o\000l\000\363\000g\000i\000c\000a}{section.3.3}% 36
\BOOKMARK [1][-]{section.3.4}{\376\377\000H\000e\000r\000r\000a\000m\000i\000e\000n\000t\000a\000s\000\040\000d\000e\000\040\000D\000e\000s\000a\000r\000r\000o\000l\000l\000o}{chapter.3}% 37
\BOOKMARK [1][-]{section.3.5}{\376\377\000D\000e\000s\000p\000l\000i\000e\000g\000u\000e}{chapter.3}% 38
\BOOKMARK [2][-]{subsection.3.5.1}{\376\377\000E\000s\000t\000r\000a\000t\000e\000g\000i\000a\000\040\000d\000e\000\040\000D\000e\000s\000p\000l\000i\000e\000g\000u\000e\000\040\000C\000o\000m\000p\000o\000n\000e\000n\000t\000i\000z\000a\000d\000a}{section.3.5}% 39
\BOOKMARK [2][-]{subsection.3.5.2}{\376\377\000D\000e\000s\000p\000l\000i\000e\000g\000u\000e\000\040\000d\000e\000l\000\040\000F\000r\000o\000n\000t\000e\000n\000d\000\040\000\050\000A\000p\000l\000i\000c\000a\000c\000i\000\363\000n\000\040\000W\000e\000b\000\040\000A\000n\000g\000u\000l\000a\000r\000\051\000\040\000e\000n\000\040\000V\000e\000r\000c\000e\000l}{section.3.5}% 40
\BOOKMARK [2][-]{subsection.3.5.3}{\376\377\000D\000e\000s\000p\000l\000i\000e\000g\000u\000e\000\040\000d\000e\000l\000\040\000B\000a\000c\000k\000e\000n\000d\000\040\000\050\000L\000a\000r\000a\000v\000e\000l\000\040\000A\000P\000I\000\051\000\040\000e\000n\000\040\000R\000e\000n\000d\000e\000r}{section.3.5}% 41
\BOOKMARK [2][-]{subsection.3.5.4}{\376\377\000I\000n\000t\000e\000r\000a\000c\000c\000i\000\363\000n\000\040\000c\000o\000n\000\040\000A\000i\000r\000t\000a\000b\000l\000e\000\040\000e\000n\000\040\000P\000r\000o\000d\000u\000c\000c\000i\000\363\000n}{section.3.5}% 42
\BOOKMARK [1][-]{section.3.6}{\376\377\000C\000o\000n\000c\000l\000u\000s\000i\000o\000n\000e\000s}{chapter.3}% 43
\BOOKMARK [0][-]{chapter.4}{\376\377\000I\000n\000m\000o\000T\000a\000b\000l\000e}{}% 44
\BOOKMARK [1][-]{section.4.1}{\376\377\000D\000e\000s\000c\000r\000i\000p\000c\000i\000\363\000n\000\040\000d\000e\000\040\000l\000a\000\040\000a\000p\000l\000i\000c\000a\000c\000i\000\363\000n}{chapter.4}% 45
\BOOKMARK [1][-]{section.4.2}{\376\377\000D\000i\000s\000e\000\361\000o\000\040\000d\000e\000\040\000l\000a\000\040\000a\000r\000q\000u\000i\000t\000e\000c\000t\000u\000r\000a}{chapter.4}% 46
\BOOKMARK [1][-]{section.4.3}{\376\377\000M\000o\000d\000e\000l\000o\000\040\000d\000e\000\040\000D\000a\000t\000o\000s}{chapter.4}% 47
\BOOKMARK [1][-]{section.4.4}{\376\377\000D\000i\000s\000e\000\361\000o\000\040\000e\000\040\000i\000m\000p\000l\000e\000m\000e\000n\000t\000a\000c\000i\000\363\000n}{chapter.4}% 48
\BOOKMARK [2][-]{subsection.4.4.1}{\376\377\000P\000r\000o\000t\000o\000t\000i\000p\000a\000d\000o\000\040\000d\000e\000\040\000l\000a\000\040\000i\000n\000t\000e\000r\000f\000a\000z}{section.4.4}% 49
\BOOKMARK [3][-]{subsubsection.4.4.1.1}{\376\377\000M\000o\000c\000k\000u\000p\000\040\000d\000e\000\040\000l\000a\000\040\000P\000\341\000g\000i\000n\000a\000\040\000d\000e\000\040\000I\000n\000i\000c\000i\000o\000\040\000\050\000L\000a\000n\000d\000i\000n\000g\000\040\000P\000a\000g\000e\000\051}{subsection.4.4.1}% 50
\BOOKMARK [3][-]{subsubsection.4.4.1.2}{\376\377\000M\000o\000c\000k\000u\000p\000\040\000d\000e\000\040\000l\000a\000\040\000P\000\341\000g\000i\000n\000a\000\040\000d\000e\000\040\000L\000i\000s\000t\000a\000d\000o\000\040\000d\000e\000\040\000P\000r\000o\000p\000i\000e\000d\000a\000d\000e\000s}{subsection.4.4.1}% 51
\BOOKMARK [3][-]{subsubsection.4.4.1.3}{\376\377\000M\000o\000c\000k\000u\000p\000\040\000d\000e\000\040\000l\000a\000\040\000P\000\341\000g\000i\000n\000a\000\040\000d\000e\000\040\000D\000e\000t\000a\000l\000l\000e\000\040\000d\000e\000\040\000P\000r\000o\000p\000i\000e\000d\000a\000d}{subsection.4.4.1}% 52
\BOOKMARK [3][-]{subsubsection.4.4.1.4}{\376\377\000M\000o\000c\000k\000u\000p\000\040\000d\000e\000\040\000F\000o\000r\000m\000u\000l\000a\000r\000i\000o\000\040\000d\000e\000\040\000S\000o\000l\000i\000c\000i\000t\000u\000d\000\040\000d\000e\000\040\000C\000i\000t\000a}{subsection.4.4.1}% 53
\BOOKMARK [3][-]{subsubsection.4.4.1.5}{\376\377\000M\000o\000c\000k\000u\000p\000\040\000d\000e\000\040\000F\000o\000r\000m\000u\000l\000a\000r\000i\000o\000\040\000d\000e\000\040\000C\000o\000n\000t\000a\000c\000t\000o}{subsection.4.4.1}% 54
\BOOKMARK [3][-]{subsubsection.4.4.1.6}{\376\377\000J\000u\000s\000t\000i\000f\000i\000c\000a\000c\000i\000\363\000n\000\040\000d\000e\000\040\000l\000a\000s\000\040\000D\000e\000s\000v\000i\000a\000c\000i\000o\000n\000e\000s\000\040\000e\000n\000t\000r\000e\000\040\000P\000r\000o\000t\000o\000t\000i\000p\000o\000\040\000e\000\040\000I\000m\000p\000l\000e\000m\000e\000n\000t\000a\000c\000i\000\363\000n\000\040\000R\000e\000a\000l}{subsection.4.4.1}% 55
\BOOKMARK [2][-]{subsection.4.4.2}{\376\377\000D\000i\000s\000e\000\361\000o\000\040\000d\000e\000\040\000l\000a\000\040\000i\000n\000t\000e\000r\000f\000a\000z}{section.4.4}% 56
\BOOKMARK [3][-]{subsubsection.4.4.2.1}{\376\377\000M\000\363\000d\000u\000l\000o\000:\000\040\000C\000o\000m\000p\000o\000n\000e\000n\000t\000e\000s\000\040\000G\000l\000o\000b\000a\000l\000e\000s\000\040\000d\000e\000\040\000l\000a\000\040\000I\000n\000t\000e\000r\000f\000a\000z\000\040\000d\000e\000l\000\040\000C\000l\000i\000e\000n\000t\000e}{subsection.4.4.2}% 57
\BOOKMARK [3][-]{subsubsection.4.4.2.2}{\376\377\000M\000\363\000d\000u\000l\000o\000:\000\040\000G\000e\000s\000t\000i\000\363\000n\000\040\000d\000e\000\040\000P\000r\000o\000p\000i\000e\000d\000a\000d\000e\000s}{subsection.4.4.2}% 58
\BOOKMARK [3][-]{subsubsection.4.4.2.3}{\376\377\000M\000\363\000d\000u\000l\000o\000:\000\040\000G\000e\000s\000t\000i\000\363\000n\000\040\000d\000e\000\040\000C\000l\000i\000e\000n\000t\000e\000s\000\040\000y\000\040\000P\000r\000e\000f\000e\000r\000e\000n\000c\000i\000a\000s}{subsection.4.4.2}% 59
\BOOKMARK [3][-]{subsubsection.4.4.2.4}{\376\377\000M\000\363\000d\000u\000l\000o\000:\000\040\000G\000e\000s\000t\000i\000\363\000n\000\040\000d\000e\000\040\000C\000i\000t\000a\000s}{subsection.4.4.2}% 60
\BOOKMARK [3][-]{subsubsection.4.4.2.5}{\376\377\000M\000\363\000d\000u\000l\000o\000:\000\040\000A\000n\000\341\000l\000i\000s\000i\000s\000\040\000d\000e\000\040\000N\000e\000g\000o\000c\000i\000o}{subsection.4.4.2}% 61
\BOOKMARK [3][-]{subsubsection.4.4.2.6}{\376\377\000M\000\363\000d\000u\000l\000o\000:\000\040\000A\000u\000t\000o\000m\000a\000t\000i\000z\000a\000c\000i\000o\000n\000e\000s\000\040\000\050\000V\000i\000s\000i\000\363\000n\000\040\000G\000e\000n\000e\000r\000a\000l\000\051}{subsection.4.4.2}% 62
\BOOKMARK [3][-]{subsubsection.4.4.2.7}{\376\377\000M\000\363\000d\000u\000l\000o\000:\000\040\000G\000e\000s\000t\000i\000\363\000n\000\040\000d\000e\000\040\000C\000u\000e\000n\000t\000a\000s\000\040\000d\000e\000\040\000U\000s\000u\000a\000r\000i\000o\000\040\000y\000\040\000R\000o\000l\000e\000s\000\040\000d\000e\000\040\000A\000c\000c\000e\000s\000o\000\040\000\050\000A\000i\000r\000t\000a\000b\000l\000e\000\051}{subsection.4.4.2}% 63
\BOOKMARK [2][-]{subsection.4.4.3}{\376\377\000F\000l\000u\000j\000o\000\040\000d\000e\000\040\000l\000a\000\040\000a\000p\000l\000i\000c\000a\000c\000i\000\363\000n}{section.4.4}% 64
\BOOKMARK [3][-]{subsubsection.4.4.3.1}{\376\377\000F\000l\000u\000j\000o\000\040\000d\000e\000\040\000c\000a\000r\000g\000a\000r\000\040\000e\000l\000\040\000F\000o\000r\000m\000u\000l\000a\000r\000i\000o\000\040\000d\000e\000\040\000C\000i\000t\000a}{subsection.4.4.3}% 65
\BOOKMARK [3][-]{subsubsection.4.4.3.2}{\376\377\000F\000l\000u\000j\000o\000\040\000d\000e\000\040\000A\000c\000t\000u\000a\000l\000i\000z\000a\000c\000i\000\363\000n\000\040\000d\000e\000\040\000D\000a\000t\000o\000s\000\040\000d\000e\000\040\000U\000s\000u\000a\000r\000i\000o\000\040\000\050\000C\000l\000i\000e\000n\000t\000e\000\051}{subsection.4.4.3}% 66
\BOOKMARK [3][-]{subsubsection.4.4.3.3}{\376\377\000F\000l\000u\000j\000o\000\040\000d\000e\000\040\000G\000e\000s\000t\000i\000\363\000n\000\040\000d\000e\000\040\000P\000r\000o\000p\000i\000e\000d\000a\000d\000e\000s\000\040\000F\000a\000v\000o\000r\000i\000t\000a\000s\000\040\000\050\000C\000l\000i\000e\000n\000t\000e\000\051}{subsection.4.4.3}% 67
\BOOKMARK [2][-]{subsection.4.4.4}{\376\377\000I\000m\000p\000l\000e\000m\000e\000n\000t\000a\000c\000i\000\363\000n}{section.4.4}% 68
\BOOKMARK [3][-]{subsubsection.4.4.4.1}{\376\377\000E\000s\000t\000r\000u\000c\000t\000u\000r\000a\000\040\000G\000e\000n\000e\000r\000a\000l\000\040\000d\000e\000l\000\040\000P\000r\000o\000y\000e\000c\000t\000o}{subsection.4.4.4}% 69
\BOOKMARK [3][-]{subsubsection.4.4.4.2}{\376\377\000I\000m\000p\000l\000e\000m\000e\000n\000t\000a\000c\000i\000\363\000n\000\040\000d\000e\000l\000\040\000F\000r\000o\000n\000t\000e\000n\000d\000\040\000\050\000A\000p\000l\000i\000c\000a\000c\000i\000\363\000n\000\040\000W\000e\000b\000\040\000A\000n\000g\000u\000l\000a\000r\000\051}{subsection.4.4.4}% 70
\BOOKMARK [3][-]{subsubsection.4.4.4.3}{\376\377\000I\000m\000p\000l\000e\000m\000e\000n\000t\000a\000c\000i\000\363\000n\000\040\000d\000e\000l\000\040\000B\000a\000c\000k\000e\000n\000d\000\040\000\050\000L\000a\000r\000a\000v\000e\000l\000\040\000A\000P\000I\000\051}{subsection.4.4.4}% 71
\BOOKMARK [3][-]{subsubsection.4.4.4.4}{\376\377\000P\000a\000t\000r\000o\000n\000e\000s\000\040\000d\000e\000\040\000I\000n\000t\000e\000g\000r\000a\000c\000i\000\363\000n\000\040\000c\000o\000n\000\040\000A\000i\000r\000t\000a\000b\000l\000e}{subsection.4.4.4}% 72
\BOOKMARK [3][-]{subsubsection.4.4.4.5}{\376\377\000E\000n\000t\000o\000r\000n\000o\000\040\000d\000e\000\040\000D\000e\000s\000a\000r\000r\000o\000l\000l\000o\000\040\000y\000\040\000D\000e\000s\000p\000l\000i\000e\000g\000u\000e\000\040\000\050\000D\000o\000c\000k\000e\000r\000\051}{subsection.4.4.4}% 73
\BOOKMARK [0][-]{chapter.5}{\376\377\000C\000o\000n\000c\000l\000u\000s\000i\000o\000n\000e\000s\000\040\000y\000\040\000T\000r\000a\000b\000a\000j\000o\000s\000\040\000F\000u\000t\000u\000r\000o\000s}{}% 74
\BOOKMARK [1][-]{section.5.1}{\376\377\000C\000o\000n\000c\000l\000u\000s\000i\000o\000n\000e\000s}{chapter.5}% 75
\BOOKMARK [1][-]{section.5.2}{\376\377\000C\000o\000n\000o\000c\000i\000m\000i\000e\000n\000t\000o\000s\000\040\000A\000c\000a\000d\000\351\000m\000i\000c\000o\000s\000\040\000A\000d\000q\000u\000i\000r\000i\000d\000o\000s}{chapter.5}% 76
\BOOKMARK [1][-]{section.5.3}{\376\377\000T\000r\000a\000b\000a\000j\000o\000s\000\040\000F\000u\000t\000u\000r\000o\000s}{chapter.5}% 77
\BOOKMARK [1][-]{section.5.3}{\376\377\000B\000I\000B\000L\000I\000O\000G\000R\000A\000F\000\315\000A\000\040}{chapter.5}% 78
