This is pdfTeX, Version 3.141592653-2.6-1.40.27 (MiKTeX 25.4) (preloaded format=pdflatex 2025.5.30)  30 MAY 2025 17:31
entering extended mode
 restricted \write18 enabled.
 file:line:error style messages enabled.
 %&-line parsing enabled.
**c:/WORKSPACES/TFGJOA102/memoria/main.tex
(c:/WORKSPACES/TFGJOA102/memoria/main.tex
LaTeX2e <2024-11-01> patch level 2
L3 programming layer <2025-04-29>
(C:\Users\Juandi\AppData\Local\Programs\MiKTeX\tex/latex/base\book.cls
Document Class: book 2024/06/29 v1.4n Standard LaTeX document class
(C:\Users\Juandi\AppData\Local\Programs\MiKTeX\tex/latex/base\bk11.clo
File: bk11.clo 2024/06/29 v1.4n Standard LaTeX file (size option)
)
\c@part=\count272
\c@chapter=\count273
\c@section=\count274
\c@subsection=\count275
\c@subsubsection=\count276
\c@paragraph=\count277
\c@subparagraph=\count278
\c@figure=\count279
\c@table=\count280
\abovecaptionskip=\skip49
\belowcaptionskip=\skip50
\bibindent=\dimen146
) (C:\Users\Juandi\AppData\Local\Programs\MiKTeX\tex/latex/base\inputenc.sty
Package: inputenc 2024/02/08 v1.3d Input encoding file
\inpenc@prehook=\toks17
\inpenc@posthook=\toks18
) (C:\Users\Juandi\AppData\Local\Programs\MiKTeX\tex/latex/base\fontenc.sty
Package: fontenc 2021/04/29 v2.0v Standard LaTeX package
) (C:\Users\Juandi\AppData\Local\Programs\MiKTeX\tex/generic/babel\babel.sty
Package: babel 2025/05/14 v25.9 The multilingual framework for pdfLaTeX, LuaLaTeX and XeLaTeX
\babel@savecnt=\count281
\U@D=\dimen147
\l@unhyphenated=\language79
 (C:\Users\Juandi\AppData\Local\Programs\MiKTeX\tex/generic/babel\txtbabel.def)
\bbl@readstream=\read2
\bbl@dirlevel=\count282

*************************************
* Local config file bblopts.cfg used
*
(C:\Users\Juandi\AppData\Local\Programs\MiKTeX\tex/latex/arabi\bblopts.cfg
File: bblopts.cfg 2005/09/08 v0.1 add Arabic and Farsi to "declared" options of babel
) (C:\Users\Juandi\AppData\Local\Programs\MiKTeX\tex/latex/babel-spanish\spanish.ldf
Language: spanish.ldf 2021/05/27 v5.0q Spanish support from the babel system
 (C:\Users\Juandi\AppData\Local\Programs\MiKTeX\tex/generic/babel/locale/es\babel-spanish.tex
Package babel Info: Importing font and identification data for spanish
(babel)             from babel-es.ini. Reported on input line 11.
)
\es@quottoks=\toks19
\es@quotdepth=\count283
))
LaTeX Info: Redefining \. on input line 14.
LaTeX Info: Redefining \% on input line 14.
Package babel Info: 'spanish' activates 'spanish' shorthands.
(babel)             Reported  on input line 14.
 (C:\Users\Juandi\AppData\Local\Programs\MiKTeX\tex/latex/amsfonts\amssymb.sty
Package: amssymb 2013/01/14 v3.01 AMS font symbols
 (C:\Users\Juandi\AppData\Local\Programs\MiKTeX\tex/latex/amsfonts\amsfonts.sty
Package: amsfonts 2013/01/14 v3.01 Basic AMSFonts support
\@emptytoks=\toks20
\symAMSa=\mathgroup4
\symAMSb=\mathgroup5
LaTeX Font Info:    Redeclaring math symbol \hbar on input line 98.
LaTeX Font Info:    Overwriting math alphabet `\mathfrak' in version `bold'
(Font)                  U/euf/m/n --> U/euf/b/n on input line 106.
)) (C:\Users\Juandi\AppData\Local\Programs\MiKTeX\tex/latex/amscls\amsthm.sty
Package: amsthm 2020/05/29 v2.20.6
\thm@style=\toks21
\thm@bodyfont=\toks22
\thm@headfont=\toks23
\thm@notefont=\toks24
\thm@headpunct=\toks25
\thm@preskip=\skip51
\thm@postskip=\skip52
\thm@headsep=\skip53
\dth@everypar=\toks26
) (C:\Users\Juandi\AppData\Local\Programs\MiKTeX\tex/latex/amsmath\amsmath.sty
Package: amsmath 2024/11/05 v2.17t AMS math features
\@mathmargin=\skip54

For additional information on amsmath, use the `?' option.
(C:\Users\Juandi\AppData\Local\Programs\MiKTeX\tex/latex/amsmath\amstext.sty
Package: amstext 2021/08/26 v2.01 AMS text
 (C:\Users\Juandi\AppData\Local\Programs\MiKTeX\tex/latex/amsmath\amsgen.sty
File: amsgen.sty 1999/11/30 v2.0 generic functions
\@emptytoks=\toks27
\ex@=\dimen148
)) (C:\Users\Juandi\AppData\Local\Programs\MiKTeX\tex/latex/amsmath\amsbsy.sty
Package: amsbsy 1999/11/29 v1.2d Bold Symbols
\pmbraise@=\dimen149
) (C:\Users\Juandi\AppData\Local\Programs\MiKTeX\tex/latex/amsmath\amsopn.sty
Package: amsopn 2022/04/08 v2.04 operator names
)
\inf@bad=\count284
LaTeX Info: Redefining \frac on input line 233.
\uproot@=\count285
\leftroot@=\count286
LaTeX Info: Redefining \overline on input line 398.
LaTeX Info: Redefining \colon on input line 409.
\classnum@=\count287
\DOTSCASE@=\count288
LaTeX Info: Redefining \ldots on input line 495.
LaTeX Info: Redefining \dots on input line 498.
LaTeX Info: Redefining \cdots on input line 619.
\Mathstrutbox@=\box53
\strutbox@=\box54
LaTeX Info: Redefining \big on input line 721.
LaTeX Info: Redefining \Big on input line 722.
LaTeX Info: Redefining \bigg on input line 723.
LaTeX Info: Redefining \Bigg on input line 724.
\big@size=\dimen150
LaTeX Font Info:    Redeclaring font encoding OML on input line 742.
LaTeX Font Info:    Redeclaring font encoding OMS on input line 743.
\macc@depth=\count289
LaTeX Info: Redefining \bmod on input line 904.
LaTeX Info: Redefining \pmod on input line 909.
LaTeX Info: Redefining \smash on input line 939.
LaTeX Info: Redefining \relbar on input line 969.
LaTeX Info: Redefining \Relbar on input line 970.
\c@MaxMatrixCols=\count290
\dotsspace@=\muskip17
\c@parentequation=\count291
\dspbrk@lvl=\count292
\tag@help=\toks28
\row@=\count293
\column@=\count294
\maxfields@=\count295
\andhelp@=\toks29
\eqnshift@=\dimen151
\alignsep@=\dimen152
\tagshift@=\dimen153
\tagwidth@=\dimen154
\totwidth@=\dimen155
\lineht@=\dimen156
\@envbody=\toks30
\multlinegap=\skip55
\multlinetaggap=\skip56
\mathdisplay@stack=\toks31
LaTeX Info: Redefining \[ on input line 2953.
LaTeX Info: Redefining \] on input line 2954.
) (C:\Users\Juandi\AppData\Local\Programs\MiKTeX\tex/latex/graphics\graphicx.sty
Package: graphicx 2021/09/16 v1.2d Enhanced LaTeX Graphics (DPC,SPQR)
 (C:\Users\Juandi\AppData\Local\Programs\MiKTeX\tex/latex/graphics\keyval.sty
Package: keyval 2022/05/29 v1.15 key=value parser (DPC)
\KV@toks@=\toks32
) (C:\Users\Juandi\AppData\Local\Programs\MiKTeX\tex/latex/graphics\graphics.sty
Package: graphics 2024/08/06 v1.4g Standard LaTeX Graphics (DPC,SPQR)
 (C:\Users\Juandi\AppData\Local\Programs\MiKTeX\tex/latex/graphics\trig.sty
Package: trig 2023/12/02 v1.11 sin cos tan (DPC)
) (C:\Users\Juandi\AppData\Local\Programs\MiKTeX\tex/latex/graphics-cfg\graphics.cfg
File: graphics.cfg 2016/06/04 v1.11 sample graphics configuration
)
Package graphics Info: Driver file: dvips.def on input line 106.
 (C:\Users\Juandi\AppData\Local\Programs\MiKTeX\tex/latex/graphics-def\dvips.def
File: dvips.def 2022/09/22 v3.1e Graphics/color driver for dvips
))
\Gin@req@height=\dimen157
\Gin@req@width=\dimen158
) (C:\Users\Juandi\AppData\Local\Programs\MiKTeX\tex/latex/graphics\rotating.sty
Package: rotating 2016/08/11 v2.16d rotated objects in LaTeX
 (C:\Users\Juandi\AppData\Local\Programs\MiKTeX\tex/latex/base\ifthen.sty
Package: ifthen 2024/03/16 v1.1e Standard LaTeX ifthen package (DPC)
)
\c@r@tfl@t=\count296
\rotFPtop=\skip57
\rotFPbot=\skip58
\rot@float@box=\box55
\rot@mess@toks=\toks33
) (C:\Users\Juandi\AppData\Local\Programs\MiKTeX\tex/latex/wrapfig\wrapfig.sty
\wrapoverhang=\dimen159
\WF@size=\dimen160
\c@WF@wrappedlines=\count297
\WF@box=\box56
\WF@everypar=\toks34
Package: wrapfig 2003/01/31  v 3.6
) (C:\Users\Juandi\AppData\Local\Programs\MiKTeX\tex/latex/float\float.sty
Package: float 2001/11/08 v1.3d Float enhancements (AL)
\c@float@type=\count298
\float@exts=\toks35
\float@box=\box57
\@float@everytoks=\toks36
\@floatcapt=\box58
) (C:\Users\Juandi\AppData\Local\Programs\MiKTeX\tex/latex/caption\caption.sty
Package: caption 2023/08/05 v3.6o Customizing captions (AR)
 (C:\Users\Juandi\AppData\Local\Programs\MiKTeX\tex/latex/caption\caption3.sty
Package: caption3 2023/07/31 v2.4d caption3 kernel (AR)
\caption@tempdima=\dimen161
\captionmargin=\dimen162
\caption@leftmargin=\dimen163
\caption@rightmargin=\dimen164
\caption@width=\dimen165
\caption@indent=\dimen166
\caption@parindent=\dimen167
\caption@hangindent=\dimen168
Package caption Info: Standard document class detected.
)
\c@caption@flags=\count299
\c@continuedfloat=\count300
Package caption Info: float package is loaded.
Package caption Info: rotating package is loaded.
Package caption Info: wrapfig package is loaded.
) (C:\Users\Juandi\AppData\Local\Programs\MiKTeX\tex/latex/caption\subcaption.sty
Package: subcaption 2023/07/28 v1.6b Sub-captions (AR)
Package caption Info: New subtype `subfigure' on input line 238.
\c@subfigure=\count301
Package caption Info: New subtype `subtable' on input line 238.
\c@subtable=\count302
) (C:\Users\Juandi\AppData\Local\Programs\MiKTeX\tex/latex/multirow\multirow.sty
Package: multirow 2024/11/12 v2.9 Span multiple rows of a table
\multirow@colwidth=\skip59
\multirow@cntb=\count303
\multirow@dima=\skip60
\bigstrutjot=\dimen169
) (C:\Users\Juandi\AppData\Local\Programs\MiKTeX\tex/latex/tools\multicol.sty
Package: multicol 2024/09/14 v1.9i multicolumn formatting (FMi)
\c@tracingmulticols=\count304
\mult@box=\box59
\multicol@leftmargin=\dimen170
\c@unbalance=\count305
\c@collectmore=\count306
\doublecol@number=\count307
\multicoltolerance=\count308
\multicolpretolerance=\count309
\full@width=\dimen171
\page@free=\dimen172
\premulticols=\dimen173
\postmulticols=\dimen174
\multicolsep=\skip61
\multicolbaselineskip=\skip62
\partial@page=\box60
\last@line=\box61
\mc@boxedresult=\box62
\maxbalancingoverflow=\dimen175
\mult@rightbox=\box63
\mult@grightbox=\box64
\mult@firstbox=\box65
\mult@gfirstbox=\box66
\@tempa=\box67
\@tempa=\box68
\@tempa=\box69
\@tempa=\box70
\@tempa=\box71
\@tempa=\box72
\@tempa=\box73
\@tempa=\box74
\@tempa=\box75
\@tempa=\box76
\@tempa=\box77
\@tempa=\box78
\@tempa=\box79
\@tempa=\box80
\@tempa=\box81
\@tempa=\box82
\@tempa=\box83
\@tempa=\box84
\@tempa=\box85
\@tempa=\box86
\@tempa=\box87
\@tempa=\box88
\@tempa=\box89
\@tempa=\box90
\@tempa=\box91
\@tempa=\box92
\@tempa=\box93
\@tempa=\box94
\@tempa=\box95
\@tempa=\box96
\@tempa=\box97
\@tempa=\box98
\@tempa=\box99
\@tempa=\box100
\@tempa=\box101
\@tempa=\box102
\c@minrows=\count310
\c@columnbadness=\count311
\c@finalcolumnbadness=\count312
\last@try=\dimen176
\multicolovershoot=\dimen177
\multicolundershoot=\dimen178
\mult@nat@firstbox=\box103
\colbreak@box=\box104
\mc@col@check@num=\count313
) (C:\Users\Juandi\AppData\Local\Programs\MiKTeX\tex/latex/pdfpages\pdfpages.sty
Package: pdfpages 2025/03/12 v0.6f Insert pages of external PDF documents (AM)
 (C:\Users\Juandi\AppData\Local\Programs\MiKTeX\tex/latex/tools\calc.sty
Package: calc 2023/07/08 v4.3 Infix arithmetic (KKT,FJ)
\calc@Acount=\count314
\calc@Bcount=\count315
\calc@Adimen=\dimen179
\calc@Bdimen=\dimen180
\calc@Askip=\skip63
\calc@Bskip=\skip64
LaTeX Info: Redefining \setlength on input line 80.
LaTeX Info: Redefining \addtolength on input line 81.
\calc@Ccount=\count316
\calc@Cskip=\skip65
) (C:\Users\Juandi\AppData\Local\Programs\MiKTeX\tex/latex/eso-pic\eso-pic.sty
Package: eso-pic 2023/05/03 v3.0c eso-pic (RN)
\ESO@tempdima=\dimen181
\ESO@tempdimb=\dimen182
 (C:\Users\Juandi\AppData\Local\Programs\MiKTeX\tex/latex/xcolor\xcolor.sty
Package: xcolor 2024/09/29 v3.02 LaTeX color extensions (UK)
 (C:\Users\Juandi\AppData\Local\Programs\MiKTeX\tex/latex/graphics-cfg\color.cfg
File: color.cfg 2016/01/02 v1.6 sample color configuration
)
Package xcolor Info: Driver file: pdftex.def on input line 274.
 (C:\Users\Juandi\AppData\Local\Programs\MiKTeX\tex/latex/graphics-def\pdftex.def
File: pdftex.def 2024/04/13 v1.2c Graphics/color driver for pdftex
) (C:\Users\Juandi\AppData\Local\Programs\MiKTeX\tex/latex/graphics\mathcolor.ltx)
Package xcolor Info: Model `cmy' substituted by `cmy0' on input line 1349.
Package xcolor Info: Model `RGB' extended on input line 1365.
Package xcolor Info: Model `HTML' substituted by `rgb' on input line 1367.
Package xcolor Info: Model `Hsb' substituted by `hsb' on input line 1368.
Package xcolor Info: Model `tHsb' substituted by `hsb' on input line 1369.
Package xcolor Info: Model `HSB' substituted by `hsb' on input line 1370.
Package xcolor Info: Model `Gray' substituted by `gray' on input line 1371.
Package xcolor Info: Model `wave' substituted by `hsb' on input line 1372.
)) (C:\Users\Juandi\AppData\Local\Programs\MiKTeX\tex/latex/etoolbox\etoolbox.sty
Package: etoolbox 2025/02/11 v2.5l e-TeX tools for LaTeX (JAW)
\etb@tempcnta=\count317
)
\AM@pagewidth=\dimen183
\AM@pageheight=\dimen184
\AM@fboxrule=\dimen185
 (C:\Users\Juandi\AppData\Local\Programs\MiKTeX\tex/latex/pdfpages\pppdftex.def
File: pppdftex.def 2025/03/12 v0.6f Pdfpages driver for pdfTeX (AM)
)
\pdfpages@includegraphics@status=\count318
\AM@pagebox=\box105
\AM@global@opts=\toks37
\AM@pagecnt=\count319
\AM@toc@title=\toks38
\AM@lof@heading=\toks39
\c@AM@survey=\count320
\AM@templatesizebox=\box106
) (C:\Users\Juandi\AppData\Local\Programs\MiKTeX\tex/latex/hyperref\hyperref.sty
Package: hyperref 2025-05-20 v7.01m Hypertext links for LaTeX
 (C:\Users\Juandi\AppData\Local\Programs\MiKTeX\tex/generic/iftex\iftex.sty
Package: iftex 2024/12/12 v1.0g TeX engine tests
) (C:\Users\Juandi\AppData\Local\Programs\MiKTeX\tex/latex/kvsetkeys\kvsetkeys.sty
Package: kvsetkeys 2022-10-05 v1.19 Key value parser (HO)
) (C:\Users\Juandi\AppData\Local\Programs\MiKTeX\tex/generic/kvdefinekeys\kvdefinekeys.sty
Package: kvdefinekeys 2019-12-19 v1.6 Define keys (HO)
) (C:\Users\Juandi\AppData\Local\Programs\MiKTeX\tex/generic/pdfescape\pdfescape.sty
Package: pdfescape 2019/12/09 v1.15 Implements pdfTeX's escape features (HO)
 (C:\Users\Juandi\AppData\Local\Programs\MiKTeX\tex/generic/ltxcmds\ltxcmds.sty
Package: ltxcmds 2023-12-04 v1.26 LaTeX kernel commands for general use (HO)
) (C:\Users\Juandi\AppData\Local\Programs\MiKTeX\tex/generic/pdftexcmds\pdftexcmds.sty
Package: pdftexcmds 2020-06-27 v0.33 Utility functions of pdfTeX for LuaTeX (HO)
 (C:\Users\Juandi\AppData\Local\Programs\MiKTeX\tex/generic/infwarerr\infwarerr.sty
Package: infwarerr 2019/12/03 v1.5 Providing info/warning/error messages (HO)
)
Package pdftexcmds Info: \pdf@primitive is available.
Package pdftexcmds Info: \pdf@ifprimitive is available.
Package pdftexcmds Info: \pdfdraftmode found.
)) (C:\Users\Juandi\AppData\Local\Programs\MiKTeX\tex/latex/hycolor\hycolor.sty
Package: hycolor 2020-01-27 v1.10 Color options for hyperref/bookmark (HO)
) (C:\Users\Juandi\AppData\Local\Programs\MiKTeX\tex/latex/hyperref\nameref.sty
Package: nameref 2023-11-26 v2.56 Cross-referencing by name of section
 (C:\Users\Juandi\AppData\Local\Programs\MiKTeX\tex/latex/refcount\refcount.sty
Package: refcount 2019/12/15 v3.6 Data extraction from label references (HO)
) (C:\Users\Juandi\AppData\Local\Programs\MiKTeX\tex/generic/gettitlestring\gettitlestring.sty
Package: gettitlestring 2019/12/15 v1.6 Cleanup title references (HO)
 (C:\Users\Juandi\AppData\Local\Programs\MiKTeX\tex/latex/kvoptions\kvoptions.sty
Package: kvoptions 2022-06-15 v3.15 Key value format for package options (HO)
))
\c@section@level=\count321
) (C:\Users\Juandi\AppData\Local\Programs\MiKTeX\tex/generic/stringenc\stringenc.sty
Package: stringenc 2019/11/29 v1.12 Convert strings between diff. encodings (HO)
)
\@linkdim=\dimen186
\Hy@linkcounter=\count322
\Hy@pagecounter=\count323
 (C:\Users\Juandi\AppData\Local\Programs\MiKTeX\tex/latex/hyperref\pd1enc.def
File: pd1enc.def 2025-05-20 v7.01m Hyperref: PDFDocEncoding definition (HO)
Now handling font encoding PD1 ...
... no UTF-8 mapping file for font encoding PD1
) (C:\Users\Juandi\AppData\Local\Programs\MiKTeX\tex/generic/intcalc\intcalc.sty
Package: intcalc 2019/12/15 v1.3 Expandable calculations with integers (HO)
)
\Hy@SavedSpaceFactor=\count324
 (C:\Users\Juandi\AppData\Local\Programs\MiKTeX\tex/latex/hyperref\puenc.def
File: puenc.def 2025-05-20 v7.01m Hyperref: PDF Unicode definition (HO)
Now handling font encoding PU ...
... no UTF-8 mapping file for font encoding PU
)
Package hyperref Info: Option `breaklinks' set `true' on input line 4040.
Package hyperref Info: Option `colorlinks' set `true' on input line 4040.
Package hyperref Info: Option `bookmarks' set `true' on input line 4040.
Package hyperref Info: Hyper figures OFF on input line 4157.
Package hyperref Info: Link nesting OFF on input line 4162.
Package hyperref Info: Hyper index ON on input line 4165.
Package hyperref Info: Plain pages OFF on input line 4172.
Package hyperref Info: Backreferencing OFF on input line 4177.
Package hyperref Info: Implicit mode ON; LaTeX internals redefined.
Package hyperref Info: Bookmarks ON on input line 4424.
\c@Hy@tempcnt=\count325
 (C:\Users\Juandi\AppData\Local\Programs\MiKTeX\tex/latex/url\url.sty
\Urlmuskip=\muskip18
Package: url 2013/09/16  ver 3.4  Verb mode for urls, etc.
)
LaTeX Info: Redefining \url on input line 4763.
\XeTeXLinkMargin=\dimen187
 (C:\Users\Juandi\AppData\Local\Programs\MiKTeX\tex/generic/bitset\bitset.sty
Package: bitset 2019/12/09 v1.3 Handle bit-vector datatype (HO)
 (C:\Users\Juandi\AppData\Local\Programs\MiKTeX\tex/generic/bigintcalc\bigintcalc.sty
Package: bigintcalc 2019/12/15 v1.5 Expandable calculations on big integers (HO)
))
\Fld@menulength=\count326
\Field@Width=\dimen188
\Fld@charsize=\dimen189
Package hyperref Info: Hyper figures OFF on input line 6042.
Package hyperref Info: Link nesting OFF on input line 6047.
Package hyperref Info: Hyper index ON on input line 6050.
Package hyperref Info: backreferencing OFF on input line 6057.
Package hyperref Info: Link coloring ON on input line 6060.
Package hyperref Info: Link coloring with OCG OFF on input line 6067.
Package hyperref Info: PDF/A mode OFF on input line 6072.
 (C:\Users\Juandi\AppData\Local\Programs\MiKTeX\tex/latex/base\atbegshi-ltx.sty
Package: atbegshi-ltx 2021/01/10 v1.0c Emulation of the original atbegshi
package with kernel methods
)
\Hy@abspage=\count327
\c@Item=\count328
\c@Hfootnote=\count329
)
Package hyperref Info: Driver (autodetected): hpdftex.
 (C:\Users\Juandi\AppData\Local\Programs\MiKTeX\tex/latex/hyperref\hpdftex.def
File: hpdftex.def 2025-05-20 v7.01m Hyperref driver for pdfTeX
\Fld@listcount=\count330
\c@bookmark@seq@number=\count331
 (C:\Users\Juandi\AppData\Local\Programs\MiKTeX\tex/latex/rerunfilecheck\rerunfilecheck.sty
Package: rerunfilecheck 2022-07-10 v1.10 Rerun checks for auxiliary files (HO)
 (C:\Users\Juandi\AppData\Local\Programs\MiKTeX\tex/latex/base\atveryend-ltx.sty
Package: atveryend-ltx 2020/08/19 v1.0a Emulation of the original atveryend package
with kernel methods
) (C:\Users\Juandi\AppData\Local\Programs\MiKTeX\tex/generic/uniquecounter\uniquecounter.sty
Package: uniquecounter 2019/12/15 v1.4 Provide unlimited unique counter (HO)
)
Package uniquecounter Info: New unique counter `rerunfilecheck' on input line 285.
)
\Hy@SectionHShift=\skip66
) (C:\Users\Juandi\AppData\Local\Programs\MiKTeX\tex/latex/emptypage\emptypage.sty
Package: emptypage 2010/05/30 v1.2 Suppress page numbers and headings on empty pages
) (C:\Users\Juandi\AppData\Local\Programs\MiKTeX\tex/latex/ragged2e\ragged2e.sty
Package: ragged2e 2023/06/22 v3.6 ragged2e Package
\CenteringLeftskip=\skip67
\RaggedLeftLeftskip=\skip68
\RaggedRightLeftskip=\skip69
\CenteringRightskip=\skip70
\RaggedLeftRightskip=\skip71
\RaggedRightRightskip=\skip72
\CenteringParfillskip=\skip73
\RaggedLeftParfillskip=\skip74
\RaggedRightParfillskip=\skip75
\JustifyingParfillskip=\skip76
\CenteringParindent=\skip77
\RaggedLeftParindent=\skip78
\RaggedRightParindent=\skip79
\JustifyingParindent=\skip80
) (C:\Users\Juandi\AppData\Local\Programs\MiKTeX\tex/latex/natbib\natbib.sty
Package: natbib 2010/09/13 8.31b (PWD, AO)
\bibhang=\skip81
\bibsep=\skip82
LaTeX Info: Redefining \cite on input line 694.
\c@NAT@ctr=\count332
) (UAL.sty (C:\Users\Juandi\AppData\Local\Programs\MiKTeX\tex/latex/geometry\geometry.sty
Package: geometry 2020/01/02 v5.9 Page Geometry
 (C:\Users\Juandi\AppData\Local\Programs\MiKTeX\tex/generic/iftex\ifvtex.sty
Package: ifvtex 2019/10/25 v1.7 ifvtex legacy package. Use iftex instead.
)
\Gm@cnth=\count333
\Gm@cntv=\count334
\c@Gm@tempcnt=\count335
\Gm@bindingoffset=\dimen190
\Gm@wd@mp=\dimen191
\Gm@odd@mp=\dimen192
\Gm@even@mp=\dimen193
\Gm@layoutwidth=\dimen194
\Gm@layoutheight=\dimen195
\Gm@layouthoffset=\dimen196
\Gm@layoutvoffset=\dimen197
\Gm@dimlist=\toks40
 (C:\Users\Juandi\AppData\Local\Programs\MiKTeX\tex/latex/geometry\geometry.cfg)) (C:\Users\Juandi\AppData\Local\Programs\MiKTeX\tex/latex/pgf/frontendlayer\tikz.sty (C:\Users\Juandi\AppData\Local\Programs\MiKTeX\tex/latex/pgf/basiclayer\pgf.sty (C:\Users\Juandi\AppData\Local\Programs\MiKTeX\tex/latex/pgf/utilities\pgfrcs.sty (C:\Users\Juandi\AppData\Local\Programs\MiKTeX\tex/generic/pgf/utilities\pgfutil-common.tex
\pgfutil@everybye=\toks41
\pgfutil@tempdima=\dimen198
\pgfutil@tempdimb=\dimen199
) (C:\Users\Juandi\AppData\Local\Programs\MiKTeX\tex/generic/pgf/utilities\pgfutil-latex.def
\pgfutil@abb=\box107
) (C:\Users\Juandi\AppData\Local\Programs\MiKTeX\tex/generic/pgf/utilities\pgfrcs.code.tex (C:\Users\Juandi\AppData\Local\Programs\MiKTeX\tex/generic/pgf\pgf.revision.tex)
Package: pgfrcs 2023-01-15 v3.1.10 (3.1.10)
))
Package: pgf 2023-01-15 v3.1.10 (3.1.10)
 (C:\Users\Juandi\AppData\Local\Programs\MiKTeX\tex/latex/pgf/basiclayer\pgfcore.sty (C:\Users\Juandi\AppData\Local\Programs\MiKTeX\tex/latex/pgf/systemlayer\pgfsys.sty (C:\Users\Juandi\AppData\Local\Programs\MiKTeX\tex/generic/pgf/systemlayer\pgfsys.code.tex
Package: pgfsys 2023-01-15 v3.1.10 (3.1.10)
 (C:\Users\Juandi\AppData\Local\Programs\MiKTeX\tex/generic/pgf/utilities\pgfkeys.code.tex
\pgfkeys@pathtoks=\toks42
\pgfkeys@temptoks=\toks43
 (C:\Users\Juandi\AppData\Local\Programs\MiKTeX\tex/generic/pgf/utilities\pgfkeyslibraryfiltered.code.tex
\pgfkeys@tmptoks=\toks44
))
\pgf@x=\dimen256
\pgf@y=\dimen257
\pgf@xa=\dimen258
\pgf@ya=\dimen259
\pgf@xb=\dimen260
\pgf@yb=\dimen261
\pgf@xc=\dimen262
\pgf@yc=\dimen263
\pgf@xd=\dimen264
\pgf@yd=\dimen265
\w@pgf@writea=\write3
\r@pgf@reada=\read3
\c@pgf@counta=\count336
\c@pgf@countb=\count337
\c@pgf@countc=\count338
\c@pgf@countd=\count339
\t@pgf@toka=\toks45
\t@pgf@tokb=\toks46
\t@pgf@tokc=\toks47
\pgf@sys@id@count=\count340
 (C:\Users\Juandi\AppData\Local\Programs\MiKTeX\tex/generic/pgf/systemlayer\pgf.cfg
File: pgf.cfg 2023-01-15 v3.1.10 (3.1.10)
)
Driver file for pgf: pgfsys-pdftex.def
 (C:\Users\Juandi\AppData\Local\Programs\MiKTeX\tex/generic/pgf/systemlayer\pgfsys-pdftex.def
File: pgfsys-pdftex.def 2023-01-15 v3.1.10 (3.1.10)
 (C:\Users\Juandi\AppData\Local\Programs\MiKTeX\tex/generic/pgf/systemlayer\pgfsys-common-pdf.def
File: pgfsys-common-pdf.def 2023-01-15 v3.1.10 (3.1.10)
))) (C:\Users\Juandi\AppData\Local\Programs\MiKTeX\tex/generic/pgf/systemlayer\pgfsyssoftpath.code.tex
File: pgfsyssoftpath.code.tex 2023-01-15 v3.1.10 (3.1.10)
\pgfsyssoftpath@smallbuffer@items=\count341
\pgfsyssoftpath@bigbuffer@items=\count342
) (C:\Users\Juandi\AppData\Local\Programs\MiKTeX\tex/generic/pgf/systemlayer\pgfsysprotocol.code.tex
File: pgfsysprotocol.code.tex 2023-01-15 v3.1.10 (3.1.10)
)) (C:\Users\Juandi\AppData\Local\Programs\MiKTeX\tex/generic/pgf/basiclayer\pgfcore.code.tex
Package: pgfcore 2023-01-15 v3.1.10 (3.1.10)
 (C:\Users\Juandi\AppData\Local\Programs\MiKTeX\tex/generic/pgf/math\pgfmath.code.tex (C:\Users\Juandi\AppData\Local\Programs\MiKTeX\tex/generic/pgf/math\pgfmathutil.code.tex) (C:\Users\Juandi\AppData\Local\Programs\MiKTeX\tex/generic/pgf/math\pgfmathparser.code.tex
\pgfmath@dimen=\dimen266
\pgfmath@count=\count343
\pgfmath@box=\box108
\pgfmath@toks=\toks48
\pgfmath@stack@operand=\toks49
\pgfmath@stack@operation=\toks50
) (C:\Users\Juandi\AppData\Local\Programs\MiKTeX\tex/generic/pgf/math\pgfmathfunctions.code.tex) (C:\Users\Juandi\AppData\Local\Programs\MiKTeX\tex/generic/pgf/math\pgfmathfunctions.basic.code.tex) (C:\Users\Juandi\AppData\Local\Programs\MiKTeX\tex/generic/pgf/math\pgfmathfunctions.trigonometric.code.tex) (C:\Users\Juandi\AppData\Local\Programs\MiKTeX\tex/generic/pgf/math\pgfmathfunctions.random.code.tex) (C:\Users\Juandi\AppData\Local\Programs\MiKTeX\tex/generic/pgf/math\pgfmathfunctions.comparison.code.tex) (C:\Users\Juandi\AppData\Local\Programs\MiKTeX\tex/generic/pgf/math\pgfmathfunctions.base.code.tex) (C:\Users\Juandi\AppData\Local\Programs\MiKTeX\tex/generic/pgf/math\pgfmathfunctions.round.code.tex) (C:\Users\Juandi\AppData\Local\Programs\MiKTeX\tex/generic/pgf/math\pgfmathfunctions.misc.code.tex) (C:\Users\Juandi\AppData\Local\Programs\MiKTeX\tex/generic/pgf/math\pgfmathfunctions.integerarithmetics.code.tex) (C:\Users\Juandi\AppData\Local\Programs\MiKTeX\tex/generic/pgf/math\pgfmathcalc.code.tex) (C:\Users\Juandi\AppData\Local\Programs\MiKTeX\tex/generic/pgf/math\pgfmathfloat.code.tex
\c@pgfmathroundto@lastzeros=\count344
)) (C:\Users\Juandi\AppData\Local\Programs\MiKTeX\tex/generic/pgf/math\pgfint.code.tex) (C:\Users\Juandi\AppData\Local\Programs\MiKTeX\tex/generic/pgf/basiclayer\pgfcorepoints.code.tex
File: pgfcorepoints.code.tex 2023-01-15 v3.1.10 (3.1.10)
\pgf@picminx=\dimen267
\pgf@picmaxx=\dimen268
\pgf@picminy=\dimen269
\pgf@picmaxy=\dimen270
\pgf@pathminx=\dimen271
\pgf@pathmaxx=\dimen272
\pgf@pathminy=\dimen273
\pgf@pathmaxy=\dimen274
\pgf@xx=\dimen275
\pgf@xy=\dimen276
\pgf@yx=\dimen277
\pgf@yy=\dimen278
\pgf@zx=\dimen279
\pgf@zy=\dimen280
) (C:\Users\Juandi\AppData\Local\Programs\MiKTeX\tex/generic/pgf/basiclayer\pgfcorepathconstruct.code.tex
File: pgfcorepathconstruct.code.tex 2023-01-15 v3.1.10 (3.1.10)
\pgf@path@lastx=\dimen281
\pgf@path@lasty=\dimen282
) (C:\Users\Juandi\AppData\Local\Programs\MiKTeX\tex/generic/pgf/basiclayer\pgfcorepathusage.code.tex
File: pgfcorepathusage.code.tex 2023-01-15 v3.1.10 (3.1.10)
\pgf@shorten@end@additional=\dimen283
\pgf@shorten@start@additional=\dimen284
) (C:\Users\Juandi\AppData\Local\Programs\MiKTeX\tex/generic/pgf/basiclayer\pgfcorescopes.code.tex
File: pgfcorescopes.code.tex 2023-01-15 v3.1.10 (3.1.10)
\pgfpic=\box109
\pgf@hbox=\box110
\pgf@layerbox@main=\box111
\pgf@picture@serial@count=\count345
) (C:\Users\Juandi\AppData\Local\Programs\MiKTeX\tex/generic/pgf/basiclayer\pgfcoregraphicstate.code.tex
File: pgfcoregraphicstate.code.tex 2023-01-15 v3.1.10 (3.1.10)
\pgflinewidth=\dimen285
) (C:\Users\Juandi\AppData\Local\Programs\MiKTeX\tex/generic/pgf/basiclayer\pgfcoretransformations.code.tex
File: pgfcoretransformations.code.tex 2023-01-15 v3.1.10 (3.1.10)
\pgf@pt@x=\dimen286
\pgf@pt@y=\dimen287
\pgf@pt@temp=\dimen288
) (C:\Users\Juandi\AppData\Local\Programs\MiKTeX\tex/generic/pgf/basiclayer\pgfcorequick.code.tex
File: pgfcorequick.code.tex 2023-01-15 v3.1.10 (3.1.10)
) (C:\Users\Juandi\AppData\Local\Programs\MiKTeX\tex/generic/pgf/basiclayer\pgfcoreobjects.code.tex
File: pgfcoreobjects.code.tex 2023-01-15 v3.1.10 (3.1.10)
) (C:\Users\Juandi\AppData\Local\Programs\MiKTeX\tex/generic/pgf/basiclayer\pgfcorepathprocessing.code.tex
File: pgfcorepathprocessing.code.tex 2023-01-15 v3.1.10 (3.1.10)
) (C:\Users\Juandi\AppData\Local\Programs\MiKTeX\tex/generic/pgf/basiclayer\pgfcorearrows.code.tex
File: pgfcorearrows.code.tex 2023-01-15 v3.1.10 (3.1.10)
\pgfarrowsep=\dimen289
) (C:\Users\Juandi\AppData\Local\Programs\MiKTeX\tex/generic/pgf/basiclayer\pgfcoreshade.code.tex
File: pgfcoreshade.code.tex 2023-01-15 v3.1.10 (3.1.10)
\pgf@max=\dimen290
\pgf@sys@shading@range@num=\count346
\pgf@shadingcount=\count347
) (C:\Users\Juandi\AppData\Local\Programs\MiKTeX\tex/generic/pgf/basiclayer\pgfcoreimage.code.tex
File: pgfcoreimage.code.tex 2023-01-15 v3.1.10 (3.1.10)
) (C:\Users\Juandi\AppData\Local\Programs\MiKTeX\tex/generic/pgf/basiclayer\pgfcoreexternal.code.tex
File: pgfcoreexternal.code.tex 2023-01-15 v3.1.10 (3.1.10)
\pgfexternal@startupbox=\box112
) (C:\Users\Juandi\AppData\Local\Programs\MiKTeX\tex/generic/pgf/basiclayer\pgfcorelayers.code.tex
File: pgfcorelayers.code.tex 2023-01-15 v3.1.10 (3.1.10)
) (C:\Users\Juandi\AppData\Local\Programs\MiKTeX\tex/generic/pgf/basiclayer\pgfcoretransparency.code.tex
File: pgfcoretransparency.code.tex 2023-01-15 v3.1.10 (3.1.10)
) (C:\Users\Juandi\AppData\Local\Programs\MiKTeX\tex/generic/pgf/basiclayer\pgfcorepatterns.code.tex
File: pgfcorepatterns.code.tex 2023-01-15 v3.1.10 (3.1.10)
) (C:\Users\Juandi\AppData\Local\Programs\MiKTeX\tex/generic/pgf/basiclayer\pgfcorerdf.code.tex
File: pgfcorerdf.code.tex 2023-01-15 v3.1.10 (3.1.10)
))) (C:\Users\Juandi\AppData\Local\Programs\MiKTeX\tex/generic/pgf/modules\pgfmoduleshapes.code.tex
File: pgfmoduleshapes.code.tex 2023-01-15 v3.1.10 (3.1.10)
\pgfnodeparttextbox=\box113
) (C:\Users\Juandi\AppData\Local\Programs\MiKTeX\tex/generic/pgf/modules\pgfmoduleplot.code.tex
File: pgfmoduleplot.code.tex 2023-01-15 v3.1.10 (3.1.10)
) (C:\Users\Juandi\AppData\Local\Programs\MiKTeX\tex/latex/pgf/compatibility\pgfcomp-version-0-65.sty
Package: pgfcomp-version-0-65 2023-01-15 v3.1.10 (3.1.10)
\pgf@nodesepstart=\dimen291
\pgf@nodesepend=\dimen292
) (C:\Users\Juandi\AppData\Local\Programs\MiKTeX\tex/latex/pgf/compatibility\pgfcomp-version-1-18.sty
Package: pgfcomp-version-1-18 2023-01-15 v3.1.10 (3.1.10)
))
(C:\Users\Juandi\AppData\Local\Programs\MiKTeX\tex/latex/pgf/utilities\pgffor.sty (C:\Users\Juandi\AppData\Local\Programs\MiKTeX\tex/latex/pgf/utilities\pgfkeys.sty (C:\Users\Juandi\AppData\Local\Programs\MiKTeX\tex/generic/pgf/utilities\pgfkeys.code.tex)) (C:\Users\Juandi\AppData\Local\Programs\MiKTeX\tex/latex/pgf/math\pgfmath.sty (C:\Users\Juandi\AppData\Local\Programs\MiKTeX\tex/generic/pgf/math\pgfmath.code.tex)) (C:\Users\Juandi\AppData\Local\Programs\MiKTeX\tex/generic/pgf/utilities\pgffor.code.tex
Package: pgffor 2023-01-15 v3.1.10 (3.1.10)
\pgffor@iter=\dimen293
\pgffor@skip=\dimen294
\pgffor@stack=\toks51
\pgffor@toks=\toks52
)) (C:\Users\Juandi\AppData\Local\Programs\MiKTeX\tex/generic/pgf/frontendlayer/tikz\tikz.code.tex
Package: tikz 2023-01-15 v3.1.10 (3.1.10)
 (C:\Users\Juandi\AppData\Local\Programs\MiKTeX\tex/generic/pgf/libraries\pgflibraryplothandlers.code.tex
File: pgflibraryplothandlers.code.tex 2023-01-15 v3.1.10 (3.1.10)
\pgf@plot@mark@count=\count348
\pgfplotmarksize=\dimen295
)
\tikz@lastx=\dimen296
\tikz@lasty=\dimen297
\tikz@lastxsaved=\dimen298
\tikz@lastysaved=\dimen299
\tikz@lastmovetox=\dimen300
\tikz@lastmovetoy=\dimen301
\tikzleveldistance=\dimen302
\tikzsiblingdistance=\dimen303
\tikz@figbox=\box114
\tikz@figbox@bg=\box115
\tikz@tempbox=\box116
\tikz@tempbox@bg=\box117
\tikztreelevel=\count349
\tikznumberofchildren=\count350
\tikznumberofcurrentchild=\count351
\tikz@fig@count=\count352
 (C:\Users\Juandi\AppData\Local\Programs\MiKTeX\tex/generic/pgf/modules\pgfmodulematrix.code.tex
File: pgfmodulematrix.code.tex 2023-01-15 v3.1.10 (3.1.10)
\pgfmatrixcurrentrow=\count353
\pgfmatrixcurrentcolumn=\count354
\pgf@matrix@numberofcolumns=\count355
)
\tikz@expandcount=\count356
 (C:\Users\Juandi\AppData\Local\Programs\MiKTeX\tex/generic/pgf/frontendlayer/tikz/libraries\tikzlibrarytopaths.code.tex
File: tikzlibrarytopaths.code.tex 2023-01-15 v3.1.10 (3.1.10)
))) (C:\Users\Juandi\AppData\Local\Programs\MiKTeX\tex/latex/fancyhdr\fancyhdr.sty
Package: fancyhdr 2025/02/07 v5.2 Extensive control of page headers and footers
\f@nch@headwidth=\skip83
\f@nch@offset@elh=\skip84
\f@nch@offset@erh=\skip85
\f@nch@offset@olh=\skip86
\f@nch@offset@orh=\skip87
\f@nch@offset@elf=\skip88
\f@nch@offset@erf=\skip89
\f@nch@offset@olf=\skip90
\f@nch@offset@orf=\skip91
\f@nch@height=\skip92
\f@nch@footalignment=\skip93
\f@nch@widthL=\skip94
\f@nch@widthC=\skip95
\f@nch@widthR=\skip96
\@temptokenb=\toks53
) (C:\Users\Juandi\AppData\Local\Programs\MiKTeX\tex/latex/titlesec\titlesec.sty
Package: titlesec 2025/01/04 v2.17 Sectioning titles
\ttl@box=\box118
\beforetitleunit=\skip97
\aftertitleunit=\skip98
\ttl@plus=\dimen304
\ttl@minus=\dimen305
\ttl@toksa=\toks54
\titlewidth=\dimen306
\titlewidthlast=\dimen307
\titlewidthfirst=\dimen308
) (C:\Users\Juandi\AppData\Local\Programs\MiKTeX\tex/latex/tools\afterpage.sty
Package: afterpage 2023/07/04 v1.08 After-Page Package (DPC)
\AP@output=\toks55
\AP@partial=\box119
\AP@footins=\box120
) (C:\Users\Juandi\AppData\Local\Programs\MiKTeX\tex/latex/transparent\transparent.sty
Package: transparent 2022-10-27 v1.5 Transparency with color stacks
 (C:\Users\Juandi\AppData\Local\Programs\MiKTeX\tex/latex/transparent\transparent-nometadata.sty
Package: transparent-nometadata 2022-10-27 v1.5 Transparency via pdfTeX's color stack (HO)
 (C:\Users\Juandi\AppData\Local\Programs\MiKTeX\tex/latex/auxhook\auxhook.sty
Package: auxhook 2019-12-17 v1.6 Hooks for auxiliary files (HO)
))) (C:\Users\Juandi\AppData\Local\Programs\MiKTeX\tex/latex/psnfss\helvet.sty
Package: helvet 2020/03/25 PSNFSS-v9.3 (WaS) 
) (C:\Users\Juandi\AppData\Local\Programs\MiKTeX\tex/latex/pgfgantt\pgfgantt.sty
Package: pgfgantt 2024/06/19 v5.0a Draw Gantt diagrams with TikZ
 (C:\Users\Juandi\AppData\Local\Programs\MiKTeX\tex/generic/pgf/frontendlayer/tikz/libraries\tikzlibraryarrows.code.tex
File: tikzlibraryarrows.code.tex 2023-01-15 v3.1.10 (3.1.10)
 (C:\Users\Juandi\AppData\Local\Programs\MiKTeX\tex/generic/pgf/libraries\pgflibraryarrows.code.tex
File: pgflibraryarrows.code.tex 2023-01-15 v3.1.10 (3.1.10)
\arrowsize=\dimen309
)) (C:\Users\Juandi\AppData\Local\Programs\MiKTeX\tex/generic/pgf/frontendlayer/tikz/libraries\tikzlibrarybackgrounds.code.tex
File: tikzlibrarybackgrounds.code.tex 2023-01-15 v3.1.10 (3.1.10)
\pgf@layerbox@background=\box121
\pgf@layerboxsaved@background=\box122
) (C:\Users\Juandi\AppData\Local\Programs\MiKTeX\tex/generic/pgf/frontendlayer/tikz/libraries\tikzlibrarycalc.code.tex
File: tikzlibrarycalc.code.tex 2023-01-15 v3.1.10 (3.1.10)
) (C:\Users\Juandi\AppData\Local\Programs\MiKTeX\tex/generic/pgf/frontendlayer/tikz/libraries\tikzlibrarypatterns.code.tex
File: tikzlibrarypatterns.code.tex 2023-01-15 v3.1.10 (3.1.10)
 (C:\Users\Juandi\AppData\Local\Programs\MiKTeX\tex/generic/pgf/libraries\pgflibrarypatterns.code.tex
File: pgflibrarypatterns.code.tex 2023-01-15 v3.1.10 (3.1.10)
)) (C:\Users\Juandi\AppData\Local\Programs\MiKTeX\tex/generic/pgf/frontendlayer/tikz/libraries\tikzlibrarypositioning.code.tex
File: tikzlibrarypositioning.code.tex 2023-01-15 v3.1.10 (3.1.10)
) (C:\Users\Juandi\AppData\Local\Programs\MiKTeX\tex/generic/pgf/frontendlayer/tikz/libraries\tikzlibraryshapes.geometric.code.tex
File: tikzlibraryshapes.geometric.code.tex 2023-01-15 v3.1.10 (3.1.10)
 (C:\Users\Juandi\AppData\Local\Programs\MiKTeX\tex/generic/pgf/libraries/shapes\pgflibraryshapes.geometric.code.tex
File: pgflibraryshapes.geometric.code.tex 2023-01-15 v3.1.10 (3.1.10)
)) (C:\Users\Juandi\AppData\Local\Programs\MiKTeX\tex/latex/pgf/utilities\pgfcalendar.sty (C:\Users\Juandi\AppData\Local\Programs\MiKTeX\tex/generic/pgf/utilities\pgfcalendar.code.tex
File: pgfcalendar.code.tex 2023-01-15 v3.1.10 (3.1.10)
\pgfcalendarcurrentjulian=\count357
\pgf@cal@easter@Y=\count358
\pgf@cal@easter@G=\count359
\pgf@cal@easter@C=\count360
\pgf@cal@easter@X=\count361
\pgf@cal@easter@Z=\count362
\pgf@cal@easter@D=\count363
\pgf@cal@easter@E=\count364
\pgf@cal@easter@N=\count365
\pgf@cal@easter@M=\count366
\pgf@cal@easter@julianday=\count367
))
\gtt@currentline=\count368
\gtt@lasttitleline=\count369
\gtt@currgrid=\count370
\gtt@chartwidth=\count371
\gtt@lasttitleslot=\count372
\gtt@elementid=\count373
\gtt@today@slot=\count374
\gtt@startjulian=\count375
\gtt@endjulian=\count376
\gtt@chartid=\count377
\gtt@vrule@slot=\count378
\gtt@calendar@slots=\count379
\gtt@calendar@weeknumber=\count380
\gtt@calendar@startofweek=\count381
\gtt@left@slot=\count382
\gtt@right@slot=\count383
)) (codigo.sty (C:\Users\Juandi\AppData\Local\Programs\MiKTeX\tex/latex/listings\listings.sty
\lst@mode=\count384
\lst@gtempboxa=\box123
\lst@token=\toks56
\lst@length=\count385
\lst@currlwidth=\dimen310
\lst@column=\count386
\lst@pos=\count387
\lst@lostspace=\dimen311
\lst@width=\dimen312
\lst@newlines=\count388
\lst@lineno=\count389
\lst@maxwidth=\dimen313
 (C:\Users\Juandi\AppData\Local\Programs\MiKTeX\tex/latex/listings\lstpatch.sty
File: lstpatch.sty 2024/09/23 1.10c (Carsten Heinz)
) (C:\Users\Juandi\AppData\Local\Programs\MiKTeX\tex/latex/listings\lstmisc.sty
File: lstmisc.sty 2024/09/23 1.10c (Carsten Heinz)
\c@lstnumber=\count390
\lst@skipnumbers=\count391
\lst@framebox=\box124
) (C:\Users\Juandi\AppData\Local\Programs\MiKTeX\tex/latex/listings\listings.cfg
File: listings.cfg 2024/09/23 1.10c listings configuration
))
Package: listings 2024/09/23 1.10c (Carsten Heinz)
 (C:\Users\Juandi\AppData\Local\Programs\MiKTeX\tex/latex/listings\lstlang1.sty
File: lstlang1.sty 2024/09/23 1.10c listings language file
) (C:\Users\Juandi\AppData\Local\Programs\MiKTeX\tex/latex/listings\lstmisc.sty
File: lstmisc.sty 2024/09/23 1.10c (Carsten Heinz)
)) (C:\Users\Juandi\AppData\Local\Programs\MiKTeX\tex/latex/tools\longtable.sty
Package: longtable 2024-10-27 v4.22 Multi-page Table package (DPC)
\LTleft=\skip99
\LTright=\skip100
\LTpre=\skip101
\LTpost=\skip102
\LTchunksize=\count392
\LTcapwidth=\dimen314
\LT@head=\box125
\LT@firsthead=\box126
\LT@foot=\box127
\LT@lastfoot=\box128
\LT@gbox=\box129
\LT@cols=\count393
\LT@rows=\count394
\c@LT@tables=\count395
\c@LT@chunks=\count396
\LT@p@ftn=\toks57
) (C:\Users\Juandi\AppData\Local\Programs\MiKTeX\tex/latex/tools\verbatim.sty
Package: verbatim 2024-01-22 v1.5x LaTeX2e package for verbatim enhancements
\every@verbatim=\toks58
\verbatim@line=\toks59
\verbatim@in@stream=\read4
) (C:\Users\Juandi\AppData\Local\Programs\MiKTeX\tex/latex/base\textcomp.sty
Package: textcomp 2024/04/24 v2.1b Standard LaTeX package
) (C:\Users\Juandi\AppData\Local\Programs\MiKTeX\tex/latex/eurosym\eurosym.sty
Package: eurosym 1998/08/06 v1.1 European currency symbol ``Euro''
\@eurobox=\box130
) (C:\Users\Juandi\AppData\Local\Programs\MiKTeX\tex/latex/footmisc\footmisc.sty
Package: footmisc 2025/05/09 v7.0b a miscellany of footnote facilities
 (C:\Users\Juandi\AppData\Local\Programs\MiKTeX\tex/latex/footmisc\footmisc-2022-02-14.sty
Package: footmisc 2024/12/24 v6.0g a miscellany of footnote facilities
\FN@temptoken=\toks60
\footnotemargin=\dimen315
\@outputbox@depth=\dimen316
Package footmisc Info: Declaring symbol style bringhurst on input line 699.
Package footmisc Info: Declaring symbol style chicago on input line 707.
Package footmisc Info: Declaring symbol style wiley on input line 716.
Package footmisc Info: Declaring symbol style lamport-robust on input line 727.
Package footmisc Info: Declaring symbol style lamport* on input line 747.
Package footmisc Info: Declaring symbol style lamport*-robust on input line 768.
))
LaTeX Font Info:    Trying to load font information for T1+phv on input line 102.
 (C:\Users\Juandi\AppData\Local\Programs\MiKTeX\tex/latex/psnfss\t1phv.fd
File: t1phv.fd 2020/03/25 scalable font definitions for T1/phv.
)
LaTeX Font Info:    Font shape `T1/phv/m/n' will be
(Font)              scaled to size 10.40245pt on input line 102.
 (C:\Users\Juandi\AppData\Local\Programs\MiKTeX\tex/latex/l3backend\l3backend-pdftex.def
File: l3backend-pdftex.def 2025-04-14 L3 backend support: PDF output (pdfTeX)
\l__color_backend_stack_int=\count397
) (main.aux
LaTeX Info: Redefining \. on input line 9.
LaTeX Info: Redefining \% on input line 9.
LaTeX Info: Redefining \. on input line 10.
LaTeX Info: Redefining \% on input line 10.
)
\openout1 = `main.aux'.

LaTeX Font Info:    Checking defaults for OML/cmm/m/it on input line 102.
LaTeX Font Info:    ... okay on input line 102.
LaTeX Font Info:    Checking defaults for OMS/cmsy/m/n on input line 102.
LaTeX Font Info:    ... okay on input line 102.
LaTeX Font Info:    Checking defaults for OT1/cmr/m/n on input line 102.
LaTeX Font Info:    ... okay on input line 102.
LaTeX Font Info:    Checking defaults for T1/cmr/m/n on input line 102.
LaTeX Font Info:    ... okay on input line 102.
LaTeX Font Info:    Checking defaults for TS1/cmr/m/n on input line 102.
LaTeX Font Info:    ... okay on input line 102.
LaTeX Font Info:    Checking defaults for OMX/cmex/m/n on input line 102.
LaTeX Font Info:    ... okay on input line 102.
LaTeX Font Info:    Checking defaults for U/cmr/m/n on input line 102.
LaTeX Font Info:    ... okay on input line 102.
LaTeX Font Info:    Checking defaults for PD1/pdf/m/n on input line 102.
LaTeX Font Info:    ... okay on input line 102.
LaTeX Font Info:    Checking defaults for PU/pdf/m/n on input line 102.
LaTeX Font Info:    ... okay on input line 102.
LaTeX Info: Redefining \. on input line 102.
LaTeX Info: Redefining \% on input line 102.
Package caption Info: Begin \AtBeginDocument code.
Package caption Info: hyperref package is loaded.
Package caption Info: listings package is loaded.
Package caption Info: longtable package is loaded.
 (C:\Users\Juandi\AppData\Local\Programs\MiKTeX\tex/latex/caption\ltcaption.sty
Package: ltcaption 2021/01/08 v1.4c longtable captions (AR)
)
Package caption Info: End \AtBeginDocument code.
 (C:\Users\Juandi\AppData\Local\Programs\MiKTeX\tex/context/base/mkii\supp-pdf.mkii
[Loading MPS to PDF converter (version 2006.09.02).]
\scratchcounter=\count398
\scratchdimen=\dimen317
\scratchbox=\box131
\nofMPsegments=\count399
\nofMParguments=\count400
\everyMPshowfont=\toks61
\MPscratchCnt=\count401
\MPscratchDim=\dimen318
\MPnumerator=\count402
\makeMPintoPDFobject=\count403
\everyMPtoPDFconversion=\toks62
) (C:\Users\Juandi\AppData\Local\Programs\MiKTeX\tex/latex/epstopdf-pkg\epstopdf-base.sty
Package: epstopdf-base 2020-01-24 v2.11 Base part for package epstopdf
Package epstopdf-base Info: Redefining graphics rule for `.eps' on input line 485.
 (C:\Users\Juandi\AppData\Local\Programs\MiKTeX\tex/latex/00miktex\epstopdf-sys.cfg
File: epstopdf-sys.cfg 2021/03/18 v2.0 Configuration of epstopdf for MiKTeX
)) (C:\Users\Juandi\AppData\Local\Programs\MiKTeX\tex/latex/pdflscape\pdflscape.sty
Package: pdflscape 2022-10-27 v0.13 Display of landscape pages in PDF
 (C:\Users\Juandi\AppData\Local\Programs\MiKTeX\tex/latex/pdflscape\pdflscape-nometadata.sty
Package: pdflscape-nometadata 2022-10-28 v0.13 Display of landscape pages in PDF (HO)
 (C:\Users\Juandi\AppData\Local\Programs\MiKTeX\tex/latex/graphics\lscape.sty
Package: lscape 2020/05/28 v3.02 Landscape Pages (DPC)
)
Package pdflscape Info: Auto-detected driver: pdftex on input line 81.
))
Package hyperref Info: Link coloring ON on input line 102.
 (main.out) (main.out)
\@outlinefile=\write4
\openout4 = `main.out'.


*geometry* driver: auto-detecting
*geometry* detected driver: pdftex
*geometry* verbose mode - [ preamble ] result:
* driver: pdftex
* paper: a4paper
* layout: <same size as paper>
* layoutoffset:(h,v)=(0.0pt,0.0pt)
* modes: twoside heightrounded 
* h-part:(L,W,R)=(71.13188pt, 455.24411pt, 71.13188pt)
* v-part:(T,H,B)=(85.35826pt, 645.87756pt, 113.81102pt)
* \paperwidth=597.50787pt
* \paperheight=845.04684pt
* \textwidth=455.24411pt
* \textheight=650.20029pt
* \oddsidemargin=-1.1381pt
* \evensidemargin=-1.1381pt
* \topmargin=-18.78552pt
* \headheight=52.0pt
* \headsep=19.8738pt
* \topskip=11.0pt
* \footskip=27.46295pt
* \marginparwidth=116.0pt
* \marginparsep=7.0pt
* \columnsep=10.0pt
* \skip\footins=10.0pt plus 4.0pt minus 2.0pt
* \hoffset=0.0pt
* \voffset=0.0pt
* \mag=1000
* \@twocolumnfalse
* \@twosidetrue
* \@mparswitchtrue
* \@reversemarginfalse
* (1in=72.27pt=25.4mm, 1cm=28.453pt)

\c@lstlisting=\count404


pdfTeX warning: pdflatex (file ./Figuras/logos/TFG_template.pdf): PDF inclusion: found PDF version <1.6>, but at most version <1.5> allowed
<Figuras/logos/TFG_template.pdf, id=125, 731.8341pt x 1035.25772pt>
File: Figuras/logos/TFG_template.pdf Graphic file (type pdf)
<use Figuras/logos/TFG_template.pdf>
Package pdftex.def Info: Figuras/logos/TFG_template.pdf  used on input line 105.
(pdftex.def)             Requested size: 597.37198pt x 845.04663pt.
LaTeX Font Info:    Font shape `T1/phv/m/n' will be
(Font)              scaled to size 42.74986pt on input line 105.
LaTeX Font Info:    Trying to load font information for U+msa on input line 105.
(C:\Users\Juandi\AppData\Local\Programs\MiKTeX\tex/latex/amsfonts\umsa.fd
File: umsa.fd 2013/01/14 v3.01 AMS symbols A
)
LaTeX Font Info:    Trying to load font information for U+msb on input line 105.
 (C:\Users\Juandi\AppData\Local\Programs\MiKTeX\tex/latex/amsfonts\umsb.fd
File: umsb.fd 2013/01/14 v3.01 AMS symbols B
)
Overfull \hbox (95.60344pt too wide) in paragraph at lines 105--105
 [][]$[]$ 
 []

LaTeX Font Info:    Font shape `T1/phv/b/n' will be
(Font)              scaled to size 10.40245pt on input line 105.
LaTeX Font Info:    Font shape `T1/phv/b/n' will be
(Font)              scaled to size 16.41594pt on input line 105.


[1
Non-PDF special ignored!
<special> papersize=597.50787pt,845.04684pt


{C:/Users/Juandi/AppData/Local/MiKTeX/fonts/map/pdftex/pdftex.map}{C:/Users/Juandi/AppData/Local/Programs/MiKTeX/fonts/enc/dvips/base/8r.enc} <./Figuras/logos/TFG_template.pdf>]

[2

]

[3] (indicesyrefe.tex

[4


]
LaTeX Font Info:    Font shape `T1/phv/m/n' will be
(Font)              scaled to size 19.70294pt on input line 14.
LaTeX Font Info:    Font shape `T1/phv/b/n' will be
(Font)              scaled to size 19.70294pt on input line 14.
LaTeX Font Info:    Font shape `T1/phv/b/sc' will be
(Font)              scaled to size 19.70294pt on input line 14.
 (main.toc
LaTeX Info: Redefining \. on input line 1.
LaTeX Info: Redefining \% on input line 1.
LaTeX Info: Redefining \. on input line 2.
LaTeX Info: Redefining \% on input line 2.
LaTeX Font Info:    Font shape `T1/phv/m/n' will be
(Font)              scaled to size 9.49997pt on input line 3.
LaTeX Font Info:    Font shape `T1/phv/b/n' will be
(Font)              scaled to size 9.49997pt on input line 5.
LaTeX Font Info:    Font shape `T1/phv/b/sc' will be
(Font)              scaled to size 9.49997pt on input line 5.


LaTeX Font Info:    Font shape `T1/phv/m/n' will be
(Font)              scaled to size 8.54997pt on input line 37.
LaTeX Info: Redefining \. on input line 37.
LaTeX Info: Redefining \% on input line 37.
Package babel Info: 'spanish' activates 'spanish' shorthands.
(babel)             Reported  on input line 37.
LaTeX Font Info:    Font shape `T1/phv/m/sc' will be
(Font)              scaled to size 10.40245pt on input line 37.
[5])
\tf@toc=\write5
\openout5 = `main.toc'.



LaTeX Info: Redefining \. on input line 15.
LaTeX Info: Redefining \% on input line 15.
<Figuras/logos/logo_peque_R.png, id=183, 335.45325pt x 128.3997pt>
File: Figuras/logos/logo_peque_R.png Graphic file (type png)
<use Figuras/logos/logo_peque_R.png>
Package pdftex.def Info: Figuras/logos/logo_peque_R.png  used on input line 15.
(pdftex.def)             Requested size: 91.04742pt x 34.84862pt.
LaTeX Info: Redefining \. on input line 15.
LaTeX Info: Redefining \% on input line 15.
[6 <./Figuras/logos/logo_peque_R.png>] (main.lof
LaTeX Info: Redefining \. on input line 1.
LaTeX Info: Redefining \% on input line 1.
LaTeX Info: Redefining \. on input line 2.
LaTeX Info: Redefining \% on input line 2.
)
\tf@lof=\write6
\openout6 = `main.lof'.



LaTeX Info: Redefining \. on input line 16.
LaTeX Info: Redefining \% on input line 16.
[7

]

[8

] (main.lot
LaTeX Info: Redefining \. on input line 1.
LaTeX Info: Redefining \% on input line 1.
LaTeX Info: Redefining \. on input line 2.
LaTeX Info: Redefining \% on input line 2.
)
\tf@lot=\write7
\openout7 = `main.lot'.



LaTeX Info: Redefining \. on input line 17.
LaTeX Info: Redefining \% on input line 17.
[9]

[10

] (main.lol)
\tf@lol=\write8
\openout8 = `main.lol'.



LaTeX Info: Redefining \. on input line 27.
LaTeX Info: Redefining \% on input line 27.
[11]
LaTeX Font Info:    Font shape `T1/phv/b/sc' will be
(Font)              scaled to size 10.40245pt on input line 29.
)

[12

] (resumentexto.tex)

LaTeX Info: Redefining \. on input line 123.
LaTeX Info: Redefining \% on input line 123.
[13

]

[14

] (contenido1.tex
 1.
LaTeX Font Info:    Font shape `T1/phv/m/n' will be
(Font)              scaled to size 7.59998pt on input line 6.
LaTeX Font Info:    Font shape `T1/phv/m/n' will be
(Font)              scaled to size 5.69998pt on input line 6.


LaTeX Info: Redefining \. on input line 21.
LaTeX Info: Redefining \% on input line 21.
<Figuras/logos/escudoazul.png, id=259, 263.5446pt x 263.5446pt>
File: Figuras/logos/escudoazul.png Graphic file (type png)
<use Figuras/logos/escudoazul.png>
Package pdftex.def Info: Figuras/logos/escudoazul.png  used on input line 21.
(pdftex.def)             Requested size: 512.23297pt x 512.23297pt.
[1

 <./Figuras/logos/escudoazul.png>]

File: Figuras/logos/escudoazul.png Graphic file (type png)
<use Figuras/logos/escudoazul.png>
Package pdftex.def Info: Figuras/logos/escudoazul.png  used on input line 21.
(pdftex.def)             Requested size: 512.23297pt x 512.23297pt.
[2

]
 2.

Underfull \vbox (badness 10000) has occurred while \output is active []



LaTeX Info: Redefining \. on input line 41.
LaTeX Info: Redefining \% on input line 41.
File: Figuras/logos/escudoazul.png Graphic file (type png)
<use Figuras/logos/escudoazul.png>
Package pdftex.def Info: Figuras/logos/escudoazul.png  used on input line 41.
(pdftex.def)             Requested size: 512.23297pt x 512.23297pt.
[3]

LaTeX Info: Redefining \. on input line 42.
LaTeX Info: Redefining \% on input line 42.
File: Figuras/logos/logo_peque_R.png Graphic file (type png)
<use Figuras/logos/logo_peque_R.png>
Package pdftex.def Info: Figuras/logos/logo_peque_R.png  used on input line 42.
(pdftex.def)             Requested size: 91.04742pt x 34.84862pt.
File: Figuras/logos/escudoazul.png Graphic file (type png)
<use Figuras/logos/escudoazul.png>
Package pdftex.def Info: Figuras/logos/escudoazul.png  used on input line 42.
(pdftex.def)             Requested size: 512.23297pt x 512.23297pt.
[4]
 3.
LaTeX Font Info:    Font shape `T1/phv/m/it' in size <10.95> not available
(Font)              Font shape `T1/phv/m/sl' tried instead on input line 98.
LaTeX Font Info:    Font shape `T1/phv/m/sl' will be
(Font)              scaled to size 10.40245pt on input line 98.
(C:\Users\Juandi\AppData\Local\Programs\MiKTeX\tex/latex/base\latin1.def
File: latin1.def 2024/02/08 v1.3d Input encoding file
) (C:\Users\Juandi\AppData\Local\Programs\MiKTeX\tex/latex/base\latin1.def
File: latin1.def 2024/02/08 v1.3d Input encoding file
)

LaTeX Info: Redefining \. on input line 100.
LaTeX Info: Redefining \% on input line 100.
File: Figuras/logos/escudoazul.png Graphic file (type png)
<use Figuras/logos/escudoazul.png>
Package pdftex.def Info: Figuras/logos/escudoazul.png  used on input line 100.
(pdftex.def)             Requested size: 512.23297pt x 512.23297pt.
[5

]
<Figuras/facultad.png, id=300, 2670.97874pt x 2212.51593pt>
File: Figuras/facultad.png Graphic file (type png)
<use Figuras/facultad.png>
Package pdftex.def Info: Figuras/facultad.png  used on input line 106.
(pdftex.def)             Requested size: 227.62206pt x 188.55089pt.
 (C:\Users\Juandi\AppData\Local\Programs\MiKTeX\tex/latex/base\latin1.def
File: latin1.def 2024/02/08 v1.3d Input encoding file
) (C:\Users\Juandi\AppData\Local\Programs\MiKTeX\tex/latex/base\latin1.def
File: latin1.def 2024/02/08 v1.3d Input encoding file
)

LaTeX Info: Redefining \. on input line 130.
LaTeX Info: Redefining \% on input line 130.
File: Figuras/logos/logo_peque_R.png Graphic file (type png)
<use Figuras/logos/logo_peque_R.png>
Package pdftex.def Info: Figuras/logos/logo_peque_R.png  used on input line 130.
(pdftex.def)             Requested size: 91.04742pt x 34.84862pt.
LaTeX Info: Redefining \. on input line 130.
LaTeX Info: Redefining \% on input line 130.
File: Figuras/logos/escudoazul.png Graphic file (type png)
<use Figuras/logos/escudoazul.png>
Package pdftex.def Info: Figuras/logos/escudoazul.png  used on input line 130.
(pdftex.def)             Requested size: 512.23297pt x 512.23297pt.
[6 <./Figuras/facultad.png>] (C:\Users\Juandi\AppData\Local\Programs\MiKTeX\tex/latex/base\latin1.def
File: latin1.def 2024/02/08 v1.3d Input encoding file
) (C:\Users\Juandi\AppData\Local\Programs\MiKTeX\tex/latex/base\latin1.def
File: latin1.def 2024/02/08 v1.3d Input encoding file
)
Package hyperref Info: bookmark level for unknown lstlisting defaults to 0 on input line 152.
 (C:\Users\Juandi\AppData\Local\Programs\MiKTeX\tex/latex/base\latin1.def
File: latin1.def 2024/02/08 v1.3d Input encoding file
) (C:\Users\Juandi\AppData\Local\Programs\MiKTeX\tex/latex/base\latin1.def
File: latin1.def 2024/02/08 v1.3d Input encoding file
) (C:\Users\Juandi\AppData\Local\Programs\MiKTeX\tex/latex/base\latin1.def
File: latin1.def 2024/02/08 v1.3d Input encoding file
) (Codigo/holamundo.c)

LaTeX Info: Redefining \. on input line 169.
LaTeX Info: Redefining \% on input line 169.
File: Figuras/logos/logo_peque_R.png Graphic file (type png)
<use Figuras/logos/logo_peque_R.png>
Package pdftex.def Info: Figuras/logos/logo_peque_R.png  used on input line 169.
(pdftex.def)             Requested size: 91.04742pt x 34.84862pt.
LaTeX Info: Redefining \. on input line 169.
LaTeX Info: Redefining \% on input line 169.
File: Figuras/logos/escudoazul.png Graphic file (type png)
<use Figuras/logos/escudoazul.png>
Package pdftex.def Info: Figuras/logos/escudoazul.png  used on input line 169.
(pdftex.def)             Requested size: 512.23297pt x 512.23297pt.
[7] (C:\Users\Juandi\AppData\Local\Programs\MiKTeX\tex/latex/base\latin1.def
File: latin1.def 2024/02/08 v1.3d Input encoding file
) (Codigo/holamundo.psc
LaTeX Font Info:    Trying to load font information for TS1+phv on input line 6.
 (C:\Users\Juandi\AppData\Local\Programs\MiKTeX\tex/latex/psnfss\ts1phv.fd
File: ts1phv.fd 2020/03/25 scalable font definitions for TS1/phv.
)
LaTeX Font Info:    Font shape `TS1/phv/m/n' will be
(Font)              scaled to size 7.59998pt on input line 6.
)

LaTeX Info: Redefining \. on input line 175.
LaTeX Info: Redefining \% on input line 175.
File: Figuras/logos/logo_peque_R.png Graphic file (type png)
<use Figuras/logos/logo_peque_R.png>
Package pdftex.def Info: Figuras/logos/logo_peque_R.png  used on input line 175.
(pdftex.def)             Requested size: 91.04742pt x 34.84862pt.
LaTeX Info: Redefining \. on input line 175.
LaTeX Info: Redefining \% on input line 175.
File: Figuras/logos/escudoazul.png Graphic file (type png)
<use Figuras/logos/escudoazul.png>
Package pdftex.def Info: Figuras/logos/escudoazul.png  used on input line 175.
(pdftex.def)             Requested size: 512.23297pt x 512.23297pt.
[8]
 4.
(C:\Users\Juandi\AppData\Local\Programs\MiKTeX\tex/latex/base\latin1.def
File: latin1.def 2024/02/08 v1.3d Input encoding file
) (C:\Users\Juandi\AppData\Local\Programs\MiKTeX\tex/latex/base\latin1.def
File: latin1.def 2024/02/08 v1.3d Input encoding file
) (C:\Users\Juandi\AppData\Local\Programs\MiKTeX\tex/latex/base\latin1.def
File: latin1.def 2024/02/08 v1.3d Input encoding file
)

LaTeX Info: Redefining \. on input line 202.
LaTeX Info: Redefining \% on input line 202.
File: Figuras/logos/escudoazul.png Graphic file (type png)
<use Figuras/logos/escudoazul.png>
Package pdftex.def Info: Figuras/logos/escudoazul.png  used on input line 202.
(pdftex.def)             Requested size: 512.23297pt x 512.23297pt.
[9

]

LaTeX Info: Redefining \. on input line 227.
LaTeX Info: Redefining \% on input line 227.
File: Figuras/logos/logo_peque_R.png Graphic file (type png)
<use Figuras/logos/logo_peque_R.png>
Package pdftex.def Info: Figuras/logos/logo_peque_R.png  used on input line 227.
(pdftex.def)             Requested size: 91.04742pt x 34.84862pt.
File: Figuras/logos/escudoazul.png Graphic file (type png)
<use Figuras/logos/escudoazul.png>
Package pdftex.def Info: Figuras/logos/escudoazul.png  used on input line 227.
(pdftex.def)             Requested size: 512.23297pt x 512.23297pt.
[10]
<Figuras/errores.png, id=375, 481.04718pt x 301.8778pt>
File: Figuras/errores.png Graphic file (type png)
<use Figuras/errores.png>
Package pdftex.def Info: Figuras/errores.png  used on input line 247.
(pdftex.def)             Requested size: 432.48051pt x 271.40652pt.


LaTeX Info: Redefining \. on input line 255.
LaTeX Info: Redefining \% on input line 255.
File: Figuras/logos/logo_peque_R.png Graphic file (type png)
<use Figuras/logos/logo_peque_R.png>
Package pdftex.def Info: Figuras/logos/logo_peque_R.png  used on input line 255.
(pdftex.def)             Requested size: 91.04742pt x 34.84862pt.
File: Figuras/logos/escudoazul.png Graphic file (type png)
<use Figuras/logos/escudoazul.png>
Package pdftex.def Info: Figuras/logos/escudoazul.png  used on input line 255.
(pdftex.def)             Requested size: 512.23297pt x 512.23297pt.
[11 <./Figuras/errores.png>]

File: Figuras/logos/escudoazul.png Graphic file (type png)
<use Figuras/logos/escudoazul.png>
Package pdftex.def Info: Figuras/logos/escudoazul.png  used on input line 255.
(pdftex.def)             Requested size: 512.23297pt x 512.23297pt.
[12

]
 5.
LaTeX Font Info:    Font shape `T1/phv/m/it' in size <9> not available
(Font)              Font shape `T1/phv/m/sl' tried instead on input line 281.
LaTeX Font Info:    Font shape `T1/phv/m/sl' will be
(Font)              scaled to size 8.54997pt on input line 281.
(C:\Users\Juandi\AppData\Local\Programs\MiKTeX\tex/latex/base\latin1.def
File: latin1.def 2024/02/08 v1.3d Input encoding file
)

LaTeX Info: Redefining \. on input line 291.
LaTeX Info: Redefining \% on input line 291.
File: Figuras/logos/escudoazul.png Graphic file (type png)
<use Figuras/logos/escudoazul.png>
Package pdftex.def Info: Figuras/logos/escudoazul.png  used on input line 291.
(pdftex.def)             Requested size: 512.23297pt x 512.23297pt.
[13]

LaTeX Info: Redefining \. on input line 319.
LaTeX Info: Redefining \% on input line 319.
File: Figuras/logos/logo_peque_R.png Graphic file (type png)
<use Figuras/logos/logo_peque_R.png>
Package pdftex.def Info: Figuras/logos/logo_peque_R.png  used on input line 319.
(pdftex.def)             Requested size: 91.04742pt x 34.84862pt.
LaTeX Info: Redefining \. on input line 319.
LaTeX Info: Redefining \% on input line 319.
File: Figuras/logos/escudoazul.png Graphic file (type png)
<use Figuras/logos/escudoazul.png>
Package pdftex.def Info: Figuras/logos/escudoazul.png  used on input line 319.
(pdftex.def)             Requested size: 512.23297pt x 512.23297pt.
[14]

LaTeX Info: Redefining \. on input line 351.
LaTeX Info: Redefining \% on input line 351.
File: Figuras/logos/logo_peque_R.png Graphic file (type png)
<use Figuras/logos/logo_peque_R.png>
Package pdftex.def Info: Figuras/logos/logo_peque_R.png  used on input line 351.
(pdftex.def)             Requested size: 91.04742pt x 34.84862pt.
LaTeX Info: Redefining \. on input line 351.
LaTeX Info: Redefining \% on input line 351.
File: Figuras/logos/escudoazul.png Graphic file (type png)
<use Figuras/logos/escudoazul.png>
Package pdftex.def Info: Figuras/logos/escudoazul.png  used on input line 351.
(pdftex.def)             Requested size: 512.23297pt x 512.23297pt.
[15]

File: Figuras/logos/escudoazul.png Graphic file (type png)
<use Figuras/logos/escudoazul.png>
Package pdftex.def Info: Figuras/logos/escudoazul.png  used on input line 351.
(pdftex.def)             Requested size: 512.23297pt x 512.23297pt.
[16

]
 6.
<Figuras/intro.png, id=416, 170.13562pt x 371.88937pt>
File: Figuras/intro.png Graphic file (type png)
<use Figuras/intro.png>
Package pdftex.def Info: Figuras/intro.png  used on input line 384.
(pdftex.def)             Requested size: 161.6279pt x 353.2929pt.
) (contenido2.tex

LaTeX Info: Redefining \. on input line 2.
LaTeX Info: Redefining \% on input line 2.
File: Figuras/logos/escudoazul.png Graphic file (type png)
<use Figuras/logos/escudoazul.png>
Package pdftex.def Info: Figuras/logos/escudoazul.png  used on input line 2.
(pdftex.def)             Requested size: 512.23297pt x 512.23297pt.
[17]

LaTeX Info: Redefining \. on input line 2.
LaTeX Info: Redefining \% on input line 2.
File: Figuras/logos/logo_peque_R.png Graphic file (type png)
<use Figuras/logos/logo_peque_R.png>
Package pdftex.def Info: Figuras/logos/logo_peque_R.png  used on input line 2.
(pdftex.def)             Requested size: 91.04742pt x 34.84862pt.
File: Figuras/logos/escudoazul.png Graphic file (type png)
<use Figuras/logos/escudoazul.png>
Package pdftex.def Info: Figuras/logos/escudoazul.png  used on input line 2.
(pdftex.def)             Requested size: 512.23297pt x 512.23297pt.
[18 <./Figuras/intro.png>]
 7.
<Figuras/articulo.jpg, id=432, 746.01291pt x 559.50967pt>
File: Figuras/articulo.jpg Graphic file (type jpg)
<use Figuras/articulo.jpg>
Package pdftex.def Info: Figuras/articulo.jpg  used on input line 10.
(pdftex.def)             Requested size: 335.7027pt x 251.77702pt.
<Figuras/documentos.jpg, id=433, 527.72156pt x 636.12656pt>
File: Figuras/documentos.jpg Graphic file (type jpg)
<use Figuras/documentos.jpg>
Package pdftex.def Info: Figuras/documentos.jpg  used on input line 19.
(pdftex.def)             Requested size: 237.4725pt x 286.2543pt.
LaTeX Font Info:    Font shape `T1/phv/b/n' will be
(Font)              scaled to size 8.54997pt on input line 68.
LaTeX Font Info:    Font shape `T1/phv/m/sc' will be
(Font)              scaled to size 8.54997pt on input line 71.
Missing character: There is no , in font nullfont!
<Figuras/plandef.png, id=435, 2659.68657pt x 1157.07281pt>
File: Figuras/plandef.png Graphic file (type png)
<use Figuras/plandef.png>
Package pdftex.def Info: Figuras/plandef.png  used on input line 86.
(pdftex.def)             Requested size: 364.19667pt x 158.44034pt.


LaTeX Info: Redefining \. on input line 103.
LaTeX Info: Redefining \% on input line 103.
File: Figuras/logos/escudoazul.png Graphic file (type png)
<use Figuras/logos/escudoazul.png>
Package pdftex.def Info: Figuras/logos/escudoazul.png  used on input line 103.
(pdftex.def)             Requested size: 512.23297pt x 512.23297pt.
[19

]

LaTeX Info: Redefining \. on input line 103.
LaTeX Info: Redefining \% on input line 103.
File: Figuras/logos/logo_peque_R.png Graphic file (type png)
<use Figuras/logos/logo_peque_R.png>
Package pdftex.def Info: Figuras/logos/logo_peque_R.png  used on input line 103.
(pdftex.def)             Requested size: 91.04742pt x 34.84862pt.
File: Figuras/logos/escudoazul.png Graphic file (type png)
<use Figuras/logos/escudoazul.png>
Package pdftex.def Info: Figuras/logos/escudoazul.png  used on input line 103.
(pdftex.def)             Requested size: 512.23297pt x 512.23297pt.
[20 <./Figuras/articulo.jpg> <./Figuras/documentos.jpg>]

LaTeX Info: Redefining \. on input line 103.
LaTeX Info: Redefining \% on input line 103.
File: Figuras/logos/logo_peque_R.png Graphic file (type png)
<use Figuras/logos/logo_peque_R.png>
Package pdftex.def Info: Figuras/logos/logo_peque_R.png  used on input line 103.
(pdftex.def)             Requested size: 91.04742pt x 34.84862pt.
File: Figuras/logos/escudoazul.png Graphic file (type png)
<use Figuras/logos/escudoazul.png>
Package pdftex.def Info: Figuras/logos/escudoazul.png  used on input line 103.
(pdftex.def)             Requested size: 512.23297pt x 512.23297pt.
[21 <./Figuras/plandef.png>]

LaTeX Info: Redefining \. on input line 108.
LaTeX Info: Redefining \% on input line 108.
File: Figuras/logos/logo_peque_R.png Graphic file (type png)
<use Figuras/logos/logo_peque_R.png>
Package pdftex.def Info: Figuras/logos/logo_peque_R.png  used on input line 108.
(pdftex.def)             Requested size: 91.04742pt x 34.84862pt.
File: Figuras/logos/escudoazul.png Graphic file (type png)
<use Figuras/logos/escudoazul.png>
Package pdftex.def Info: Figuras/logos/escudoazul.png  used on input line 108.
(pdftex.def)             Requested size: 512.23297pt x 512.23297pt.
[22]
 8.
(C:\Users\Juandi\AppData\Local\Programs\MiKTeX\tex/latex/base\latin1.def
File: latin1.def 2024/02/08 v1.3d Input encoding file
)
Overfull \hbox (55.51825pt too wide) in paragraph at lines 111--112
\T1/phv/m/n/10.95 un tu-to-rial en: [][]$\T1/cmtt/m/n/10.95 http : / / ci2 . ual . es / comunicar -[] la -[] informacion / citas -[] y -[] referencias -[] bibliograficas/$[][]\T1/phv/m/n/10.95 .
 []

(C:\Users\Juandi\AppData\Local\Programs\MiKTeX\tex/latex/base\latin1.def
File: latin1.def 2024/02/08 v1.3d Input encoding file
)
Overfull \hbox (29.67088pt too wide) in paragraph at lines 118--119
\T1/cmtt/m/n/10.95 latex / Biblatex _ bibliography _ styles$[][] \T1/phv/m/n/10.95 y [][]$\T1/cmtt/m/n/10.95 https : / / www . overleaf . com / learn / latex / Bibliography _
 []

(C:\Users\Juandi\AppData\Local\Programs\MiKTeX\tex/latex/base\latin1.def
File: latin1.def 2024/02/08 v1.3d Input encoding file
) (C:\Users\Juandi\AppData\Local\Programs\MiKTeX\tex/latex/base\latin1.def
File: latin1.def 2024/02/08 v1.3d Input encoding file
) (C:\Users\Juandi\AppData\Local\Programs\MiKTeX\tex/latex/base\latin1.def
File: latin1.def 2024/02/08 v1.3d Input encoding file
)
Overfull \hbox (18.29115pt too wide) in paragraph at lines 123--124
[]\T1/phv/m/n/10.95 Existen dos for-mas de in-cor-po-rar las re-fe-ren-cias, di-rec-ta-men-te en el en-torno [][][][][][][][]
 []



LaTeX Info: Redefining \. on input line 131.
LaTeX Info: Redefining \% on input line 131.
File: Figuras/logos/escudoazul.png Graphic file (type png)
<use Figuras/logos/escudoazul.png>
Package pdftex.def Info: Figuras/logos/escudoazul.png  used on input line 131.
(pdftex.def)             Requested size: 512.23297pt x 512.23297pt.
[23

]) (main.bbl

LaTeX Info: Redefining \. on input line 2.
LaTeX Info: Redefining \% on input line 2.
File: Figuras/logos/logo_peque_R.png Graphic file (type png)
<use Figuras/logos/logo_peque_R.png>
Package pdftex.def Info: Figuras/logos/logo_peque_R.png  used on input line 2.
(pdftex.def)             Requested size: 91.04742pt x 34.84862pt.
LaTeX Info: Redefining \. on input line 2.
LaTeX Info: Redefining \% on input line 2.
File: Figuras/logos/escudoazul.png Graphic file (type png)
<use Figuras/logos/escudoazul.png>
Package pdftex.def Info: Figuras/logos/escudoazul.png  used on input line 2.
(pdftex.def)             Requested size: 512.23297pt x 512.23297pt.
[24]
Underfull \hbox (badness 10000) in paragraph at lines 25--28
[]\T1/phv/m/n/10.95 U. de M-la-ga, ``Bre-ves no-tas de es-ti-lo pa-ra la re-dac-cin de pro-yec-
 []


Underfull \hbox (badness 10000) in paragraph at lines 25--28
\T1/phv/m/n/10.95 tos fin de ca-rre-ray tra-ba-jos fin de gra-do,'' Re-cu-pe-ra-do 20 Enero 2020
 []


Underfull \hbox (badness 10000) in paragraph at lines 40--42
[]\T1/phv/m/n/10.95 E. Al-ba, ``Re-dac-cin de do-cu-men-tos cien-t-fi-cos,'' Re-cu-pe-ra-do 20 Enero 2020
 []

) (apendices.tex

LaTeX Info: Redefining \. on input line 5.
LaTeX Info: Redefining \% on input line 5.
File: Figuras/logos/escudoazul.png Graphic file (type png)
<use Figuras/logos/escudoazul.png>
Package pdftex.def Info: Figuras/logos/escudoazul.png  used on input line 5.
(pdftex.def)             Requested size: 512.23297pt x 512.23297pt.
[25

]

File: Figuras/logos/escudoazul.png Graphic file (type png)
<use Figuras/logos/escudoazul.png>
Package pdftex.def Info: Figuras/logos/escudoazul.png  used on input line 5.
(pdftex.def)             Requested size: 512.23297pt x 512.23297pt.
[26

]
Ap\'{e}ndice A.


LaTeX Info: Redefining \. on input line 41.
LaTeX Info: Redefining \% on input line 41.
File: Figuras/logos/escudoazul.png Graphic file (type png)
<use Figuras/logos/escudoazul.png>
Package pdftex.def Info: Figuras/logos/escudoazul.png  used on input line 41.
(pdftex.def)             Requested size: 512.23297pt x 512.23297pt.
[27]

LaTeX Info: Redefining \. on input line 41.
LaTeX Info: Redefining \% on input line 41.
File: Figuras/logos/logo_peque_R.png Graphic file (type png)
<use Figuras/logos/logo_peque_R.png>
Package pdftex.def Info: Figuras/logos/logo_peque_R.png  used on input line 41.
(pdftex.def)             Requested size: 91.04742pt x 34.84862pt.
File: Figuras/logos/escudoazul.png Graphic file (type png)
<use Figuras/logos/escudoazul.png>
Package pdftex.def Info: Figuras/logos/escudoazul.png  used on input line 41.
(pdftex.def)             Requested size: 512.23297pt x 512.23297pt.
[28]
Ap\'{e}ndice B.


LaTeX Info: Redefining \. on input line 81.
LaTeX Info: Redefining \% on input line 81.
File: Figuras/logos/escudoazul.png Graphic file (type png)
<use Figuras/logos/escudoazul.png>
Package pdftex.def Info: Figuras/logos/escudoazul.png  used on input line 81.
(pdftex.def)             Requested size: 512.23297pt x 512.23297pt.
[29

]

LaTeX Info: Redefining \. on input line 81.
LaTeX Info: Redefining \% on input line 81.
File: Figuras/logos/logo_peque_R.png Graphic file (type png)
<use Figuras/logos/logo_peque_R.png>
Package pdftex.def Info: Figuras/logos/logo_peque_R.png  used on input line 81.
(pdftex.def)             Requested size: 91.04742pt x 34.84862pt.
File: Figuras/logos/escudoazul.png Graphic file (type png)
<use Figuras/logos/escudoazul.png>
Package pdftex.def Info: Figuras/logos/escudoazul.png  used on input line 81.
(pdftex.def)             Requested size: 512.23297pt x 512.23297pt.
[30])

LaTeX Info: Redefining \. on input line 140.
LaTeX Info: Redefining \% on input line 140.
File: Figuras/logos/escudoazul.png Graphic file (type png)
<use Figuras/logos/escudoazul.png>
Package pdftex.def Info: Figuras/logos/escudoazul.png  used on input line 140.
(pdftex.def)             Requested size: 512.23297pt x 512.23297pt.
[31

]

File: Figuras/logos/escudoazul.png Graphic file (type png)
<use Figuras/logos/escudoazul.png>
Package pdftex.def Info: Figuras/logos/escudoazul.png  used on input line 141.
(pdftex.def)             Requested size: 512.23297pt x 512.23297pt.
[32


] (contra.tex

pdfTeX warning: pdflatex (file ./Figuras/logos/TFG_back.pdf): PDF inclusion: found PDF version <1.6>, but at most version <1.5> allowed
<Figuras/logos/TFG_back.pdf, id=508, 597.06062pt x 844.77608pt>
File: Figuras/logos/TFG_back.pdf Graphic file (type pdf)
<use Figuras/logos/TFG_back.pdf>
Package pdftex.def Info: Figuras/logos/TFG_back.pdf  used on input line 11.
(pdftex.def)             Requested size: 597.2687pt x 845.07048pt.
LaTeX Font Info:    Font shape `T1/phv/m/n' will be
(Font)              scaled to size 13.67995pt on input line 16.
(resumentexto.tex)
Overfull \hbox (89.62253pt too wide) in paragraph at lines 14--16
[][]$[]$  
 []


Overfull \hbox (100.57681pt too wide) in paragraph at lines 4--21
[]$[]$ 
 []

)

File: Figuras/logos/escudoazul.png Graphic file (type png)
<use Figuras/logos/escudoazul.png>
Package pdftex.def Info: Figuras/logos/escudoazul.png  used on input line 144.
(pdftex.def)             Requested size: 512.23297pt x 512.23297pt.
[33 <./Figuras/logos/TFG_back.pdf>] (main.aux
LaTeX Info: Redefining \. on input line 9.
LaTeX Info: Redefining \% on input line 9.
LaTeX Info: Redefining \. on input line 10.
LaTeX Info: Redefining \% on input line 10.
)
 ***********
LaTeX2e <2024-11-01> patch level 2
L3 programming layer <2025-04-29>
 ***********
Package rerunfilecheck Info: File `main.out' has not changed.
(rerunfilecheck)             Checksum: 4FD99F294CC95722D6F07E9629C77890;4832.
 ) 
Here is how much of TeX's memory you used:
 31681 strings out of 469923
 594387 string characters out of 5468686
 1191655 words of memory out of 5000000
 57695 multiletter control sequences out of 15000+600000
 703945 words of font info for 116 fonts, out of 8000000 for 9000
 1141 hyphenation exceptions out of 8191
 103i,15n,106p,930b,1915s stack positions out of 10000i,1000n,20000p,200000b,200000s
 <C:\Users\Juandi\AppData\Local\MiKTeX\fonts/pk/ljfour/jknappen/ec/dpi600\ectt0800.pk> <C:\Users\Juandi\AppData\Local\MiKTeX\fonts/pk/ljfour/jknappen/ec/dpi600\ectt1095.pk> <C:\Users\Juandi\AppData\Local\MiKTeX\fonts/pk/ljfour/jknappen/ec/dpi600\ectt0900.pk><C:/Users/Juandi/AppData/Local/Programs/MiKTeX/fonts/type1/public/amsfonts/cm/cmmi10.pfb><C:/Users/Juandi/AppData/Local/Programs/MiKTeX/fonts/type1/public/amsfonts/cm/cmmi9.pfb><C:/Users/Juandi/AppData/Local/Programs/MiKTeX/fonts/type1/public/amsfonts/cm/cmr10.pfb><C:/Users/Juandi/AppData/Local/Programs/MiKTeX/fonts/type1/public/amsfonts/cm/cmr8.pfb><C:/Users/Juandi/AppData/Local/Programs/MiKTeX/fonts/type1/public/amsfonts/cm/cmsy10.pfb><C:/Users/Juandi/AppData/Local/Programs/MiKTeX/fonts/type1/urw/helvetic/uhvb8a.pfb><C:/Users/Juandi/AppData/Local/Programs/MiKTeX/fonts/type1/urw/helvetic/uhvr8a.pfb><C:/Users/Juandi/AppData/Local/Programs/MiKTeX/fonts/type1/urw/helvetic/uhvro8a.pfb>
Output written on main.pdf (47 pages, 2108601 bytes).
PDF statistics:
 719 PDF objects out of 1000 (max. 8388607)
 163 named destinations out of 1000 (max. 500000)
 303 words of extra memory for PDF output out of 10000 (max. 10000000)

